[35m[Appium][39m Available drivers:
[35m[Appium][39m   - uiautomator2@2.45.1 (automationName 'UiAutomator2')
[35m[Appium][39m No plugins have been installed. Use the "appium plugin" command to install the one(s) you want to use.
[38;5;0m[HTTP][0m [37m-->[39m [37mPOST[39m [37m/session[39m
[38;5;0m[HTTP][0m [90m{"capabilities":{"alwaysMatch":{"platformName":"Android","appium:automationName":"UiAutomator2","appium:deviceName":"SM-A515F","appium:platformVersion":"13","appium:app":"C:\\Users\\cahyo\\OneDrive\\Documents\\tugas_akhir_sanber_2\\tugas_akhir_sanber_2\\test\\apk\\Dietmeal.apk","appium:appPackage":"com.fghilmany.dietmealapp","appium:appActivity":"ui.main.MainActivity","appium:noReset":true,"appium:forceAppLaunch":true,"appium:uiautomator2ServerInstallTimeout":60000},"firstMatch":[{}]},"desiredCapabilities":{"platformName":"Android","appium:automationName":"UiAutomator2","appium:deviceName":"SM-A515F","appium:platformVersion":"13","appium:app":"C:\\Users\\cahyo\\OneDrive\\Documents\\tugas_akhir_sanber_2\\tugas_akhir_sanber_2\\test\\apk\\Dietmeal.apk","appium:appPackage":"com.fghilmany.dietmealapp","appium:appActivity":"ui.main.MainActivity","appium:noReset":true,"appium:forceAppLaunch":true,"appium:uiautomator2ServerInstallTimeout":60000}}[39m
[38;5;16m[AppiumDriver@19dc][0m Calling AppiumDriver.createSession() with args: [{"platformName":"Android","appium:automationName":"UiAutomator2","appium:deviceName":"SM-A515F","appium:platformVersion":"13","appium:app":"C:\\Users\\cahyo\\OneDrive\\Documents\\tugas_akhir_sanber_2\\tugas_akhir_sanber_2\\test\\apk\\Dietmeal.apk","appium:appPackage":"com.fghilmany.dietmealapp","appium:appActivity":"ui.main.MainActivity","appium:noReset":true,"appium:forceAppLaunch":true,"appium:uiautomator2ServerInstallTimeout":60000},null,{"alwaysMatch":{"platformName":"Android","appium:automationName":"UiAutomator2","appium:deviceName":"SM-A515F","appium:platformVersion":"13","appium:app":"C:\\Users\\cahyo\\OneDrive\\Documents\\tugas_akhir_sanber_2\\tugas_akhir_sanber_2\\test\\apk\\Dietmeal.apk","appium:appPackage":"com.fghilmany.dietmealapp","appium:appActivity":"ui.main.MainActivity","appium:noReset":true,"appium:forceAppLaunch":true,"appium:uiautomator2ServerInstallTimeout":60000},"firstMatch":[{}]}]
[38;5;16m[AppiumDriver@19dc][0m Event 'newSessionRequested' logged at 1716372375202 (17:06:15 GMT+0700 (Western Indonesia Time))
[35m[Appium][39m Attempting to find matching driver for automationName 'UiAutomator2' and platformName 'Android'
[35m[Appium][39m The 'uiautomator2' driver was installed and matched caps.
[35m[Appium][39m Will require it at C:\Users\cahyo\OneDrive\Documents\tugas_akhir_sanber_2\tugas_akhir_sanber_2\node_modules\appium-uiautomator2-driver
[35m[Appium][39m Requiring driver at C:\Users\cahyo\OneDrive\Documents\tugas_akhir_sanber_2\tugas_akhir_sanber_2\node_modules\appium-uiautomator2-driver\build\index.js
[38;5;16m[AppiumDriver@19dc][0m Appium v2.5.4 creating new AndroidUiautomator2Driver (v2.45.1) session
[38;5;16m[AppiumDriver@19dc][0m Checking BaseDriver versions for Appium and AndroidUiautomator2Driver
[38;5;16m[AppiumDriver@19dc][0m Appium's BaseDriver version is 9.6.0
[38;5;16m[AppiumDriver@19dc][0m AndroidUiautomator2Driver's BaseDriver version is 9.5.1
[38;5;32m[AndroidUiautomator2Driver@3c41][0m Creating session with W3C capabilities: {
[38;5;32m[AndroidUiautomator2Driver@3c41][0m   "alwaysMatch": {
[38;5;32m[AndroidUiautomator2Driver@3c41][0m     "platformName": "Android",
[38;5;32m[AndroidUiautomator2Driver@3c41][0m     "appium:automationName": "UiAutomator2",
[38;5;32m[AndroidUiautomator2Driver@3c41][0m     "appium:deviceName": "SM-A515F",
[38;5;32m[AndroidUiautomator2Driver@3c41][0m     "appium:platformVersion": "13",
[38;5;32m[AndroidUiautomator2Driver@3c41][0m     "appium:app": "C:\\Users\\cahyo\\OneDrive\\Documents\\tugas_akhir_sanber_2\\tugas_akhir_sanber_2\\test\\apk\\Dietmeal.apk",
[38;5;32m[AndroidUiautomator2Driver@3c41][0m     "appium:appPackage": "com.fghilmany.dietmealapp",
[38;5;32m[AndroidUiautomator2Driver@3c41][0m     "appium:appActivity": "ui.main.MainActivity",
[38;5;32m[AndroidUiautomator2Driver@3c41][0m     "appium:noReset": true,
[38;5;32m[AndroidUiautomator2Driver@3c41][0m     "appium:forceAppLaunch": true,
[38;5;32m[AndroidUiautomator2Driver@3c41][0m     "appium:uiautomator2ServerInstallTimeout": 60000
[38;5;32m[AndroidUiautomator2Driver@3c41][0m   },
[38;5;32m[AndroidUiautomator2Driver@3c41][0m   "firstMatch": [
[38;5;32m[AndroidUiautomator2Driver@3c41][0m     {}
[38;5;32m[AndroidUiautomator2Driver@3c41][0m   ]
[38;5;32m[AndroidUiautomator2Driver@3c41][0m }
[38;5;32m[AndroidUiautomator2Driver@3c41 (73c0f5cc)][0m Session created with session id: 73c0f5cc-e542-4404-acf9-91ebc6cb5b01
[38;5;48m[ADB][0m Found 2 'build-tools' folders under 'C:\Users\cahyo\AppData\Local\Android\Sdk' (newest first):
[38;5;48m[ADB][0m     C:\Users\cahyo\AppData\Local\Android\Sdk\build-tools\34.0.0
[38;5;48m[ADB][0m     C:\Users\cahyo\AppData\Local\Android\Sdk\build-tools\34.0.0-2
[38;5;48m[ADB][0m Using 'adb.exe' from 'C:\Users\cahyo\AppData\Local\Android\Sdk\platform-tools\adb.exe'
[38;5;48m[ADB][0m Running 'C:\Users\cahyo\AppData\Local\Android\Sdk\platform-tools\adb.exe -P 5037 start-server'
[38;5;32m[AndroidUiautomator2Driver@3c41 (73c0f5cc)][0m Retrieving device list
[38;5;48m[ADB][0m Trying to find connected Android devices
[38;5;48m[ADB][0m Getting connected devices
[38;5;48m[ADB][0m Connected devices: [{"udid":"RR8N2054F4B","state":"device"}]
[38;5;32m[AndroidUiautomator2Driver@3c41 (73c0f5cc)][0m Looking for a device with Android '13.0.0'
[38;5;48m[ADB][0m Setting device id to RR8N2054F4B
[38;5;48m[ADB][0m Getting device platform version
[38;5;48m[ADB][0m Running 'C:\Users\cahyo\AppData\Local\Android\Sdk\platform-tools\adb.exe -P 5037 -s RR8N2054F4B shell getprop ro.build.version.release'
[38;5;48m[ADB][0m Current device property 'ro.build.version.release': 13
[38;5;32m[AndroidUiautomator2Driver@3c41 (73c0f5cc)][0m Using device: RR8N2054F4B
[38;5;48m[ADB][0m Using 'adb.exe' from 'C:\Users\cahyo\AppData\Local\Android\Sdk\platform-tools\adb.exe'
[38;5;48m[ADB][0m Running 'C:\Users\cahyo\AppData\Local\Android\Sdk\platform-tools\adb.exe -P 5037 start-server'
[38;5;48m[ADB][0m Setting device id to RR8N2054F4B
[38;5;64m[BaseDriver][0m Using local app 'C:\Users\cahyo\OneDrive\Documents\tugas_akhir_sanber_2\tugas_akhir_sanber_2\test\apk\Dietmeal.apk'
[38;5;32m[AndroidUiautomator2Driver@3c41 (73c0f5cc)][0m Checking whether app is actually present
[38;5;48m[ADB][0m Running 'C:\Users\cahyo\AppData\Local\Android\Sdk\platform-tools\adb.exe -P 5037 -s RR8N2054F4B shell getprop ro.build.version.sdk'
[38;5;48m[ADB][0m Current device property 'ro.build.version.sdk': 33
[38;5;48m[ADB][0m Getting device platform version
[38;5;48m[ADB][0m Running 'C:\Users\cahyo\AppData\Local\Android\Sdk\platform-tools\adb.exe -P 5037 -s RR8N2054F4B shell getprop ro.build.version.release'
[38;5;48m[ADB][0m Current device property 'ro.build.version.release': 13
[38;5;48m[ADB][0m Device API level: 33
[38;5;32m[AndroidUiautomator2Driver@3c41 (73c0f5cc)][0m Relaxing hidden api policy
[38;5;48m[ADB][0m Running 'C:\Users\cahyo\AppData\Local\Android\Sdk\platform-tools\adb.exe -P 5037 -s RR8N2054F4B shell 'settings put global hidden_api_policy_pre_p_apps 1;settings put global hidden_api_policy_p_apps 1;settings put global hidden_api_policy 1''
[38;5;32m[AndroidUiautomator2Driver@3c41 (73c0f5cc)][0m Pushing settings apk to the device...
[38;5;48m[ADB][0m Getting package info for 'io.appium.settings'
[38;5;48m[ADB][0m Running 'C:\Users\cahyo\AppData\Local\Android\Sdk\platform-tools\adb.exe -P 5037 -s RR8N2054F4B shell dumpsys package io.appium.settings'
[38;5;48m[ADB][0m The version name of the installed 'io.appium.settings' is greater or equal to the application version name ('5.7.5' >= '5.7.5')
[38;5;48m[ADB][0m There is no need to install/upgrade 'C:\Users\cahyo\OneDrive\Documents\tugas_akhir_sanber_2\tugas_akhir_sanber_2\node_modules\appium-uiautomator2-driver\node_modules\io.appium.settings\apks\settings_apk-debug.apk'
[38;5;48m[ADB][0m Running 'C:\Users\cahyo\AppData\Local\Android\Sdk\platform-tools\adb.exe -P 5037 -s RR8N2054F4B shell dumpsys activity services io.appium.settings'
[38;5;32m[AndroidUiautomator2Driver@3c41 (73c0f5cc)][0m io.appium.settings is already running. There is no need to reset its permissions.
[38;5;80m[Logcat][0m Starting logs capture with command: C:\\Users\\cahyo\\AppData\\Local\\Android\\Sdk\\platform-tools\\adb.exe -P 5037 -s RR8N2054F4B logcat -v threadtime
[38;5;48m[ADB][0m Running 'C:\Users\cahyo\AppData\Local\Android\Sdk\platform-tools\adb.exe -P 5037 -s RR8N2054F4B shell appops set io.appium.settings android:mock_location allow'
[38;5;48m[ADB][0m Running 'C:\Users\cahyo\AppData\Local\Android\Sdk\platform-tools\adb.exe -P 5037 -s RR8N2054F4B shell "[ -e '/data/local/tmp/mock_apps.json' ] && echo __PASS__"'
[38;5;48m[ADB][0m Running 'C:\Users\cahyo\AppData\Local\Android\Sdk\platform-tools\adb.exe -P 5037 -s RR8N2054F4B shell cat /data/local/tmp/mock_apps.json'
[38;5;32m[AndroidUiautomator2Driver@3c41 (73c0f5cc)][0m Forwarding UiAutomator2 Server port 6790 to local port 8200
[38;5;48m[ADB][0m Forwarding system: 8200 to device: 6790
[38;5;48m[ADB][0m Running 'C:\Users\cahyo\AppData\Local\Android\Sdk\platform-tools\adb.exe -P 5037 -s RR8N2054F4B forward tcp:8200 tcp:6790'
[38;5;48m[ADB][0m Getting install status for com.fghilmany.dietmealapp
[38;5;48m[ADB][0m Running 'C:\Users\cahyo\AppData\Local\Android\Sdk\platform-tools\adb.exe -P 5037 -s RR8N2054F4B shell pm path com.fghilmany.dietmealapp'
[38;5;48m[ADB][0m Checking app cert for C:\Users\cahyo\OneDrive\Documents\tugas_akhir_sanber_2\tugas_akhir_sanber_2\node_modules\appium-uiautomator2-driver\node_modules\appium-uiautomator2-server\apks\appium-uiautomator2-server-v6.0.9.apk
[38;5;48m[ADB][0m Checking app cert for C:\Users\cahyo\OneDrive\Documents\tugas_akhir_sanber_2\tugas_akhir_sanber_2\node_modules\appium-uiautomator2-driver\node_modules\appium-uiautomator2-server\apks\appium-uiautomator2-server-debug-androidTest.apk
[38;5;48m[ADB][0m Using 'apksigner.jar' from 'C:\Users\cahyo\AppData\Local\Android\Sdk\build-tools\34.0.0-2\lib\apksigner.jar'
[38;5;48m[ADB][0m Starting apksigner: 'C:\\Program Files\\Java\\jdk-17\\bin\\java.exe' -Xmx1024M -Xss1m -jar C:\\Users\\cahyo\\AppData\\Local\\Android\\Sdk\\build-tools\\34.0.0-2\\lib\\apksigner.jar verify --print-certs C:\\Users\\cahyo\\OneDrive\\Documents\\tugas_akhir_sanber_2\\tugas_akhir_sanber_2\\node_modules\\appium-uiautomator2-driver\\node_modules\\appium-uiautomator2-server\\apks\\appium-uiautomator2-server-debug-androidTest.apk
[38;5;48m[ADB][0m Starting apksigner: 'C:\\Program Files\\Java\\jdk-17\\bin\\java.exe' -Xmx1024M -Xss1m -jar C:\\Users\\cahyo\\AppData\\Local\\Android\\Sdk\\build-tools\\34.0.0-2\\lib\\apksigner.jar verify --print-certs C:\\Users\\cahyo\\OneDrive\\Documents\\tugas_akhir_sanber_2\\tugas_akhir_sanber_2\\node_modules\\appium-uiautomator2-driver\\node_modules\\appium-uiautomator2-server\\apks\\appium-uiautomator2-server-v6.0.9.apk
[38;5;48m[ADB][0m 'com.fghilmany.dietmealapp' is installed
[38;5;32m[AndroidUiautomator2Driver@3c41 (73c0f5cc)][0m noReset has been requested and the app is already installed. Doing nothing
[38;5;48m[ADB][0m apksigner stdout: Signer #1 certificate DN: EMAILADDRESS=android@android.com, CN=Android, OU=Android, O=Android, L=Mountain View, ST=California, C=US
[38;5;48m[ADB][0m Signer #1 certificate SHA-256 digest: a40da80a59d170caa950cf15c18c454d47a39b26989d8b640ecd745ba71bf5dc
[38;5;48m[ADB][0m Signer #1 certificate SHA-1 digest: 61ed377e85d386a8dfee6b864bd85b0bfaa5af81
[38;5;48m[ADB][0m Signer #1 certificate MD5 digest: e89b158e4bcf988ebd09eb83f5378e87
[38;5;48m[ADB][0m 
[38;5;48m[ADB][0m sha256 hash did match for 'appium-uiautomator2-server-debug-androidTest.apk'
[38;5;48m[ADB][0m 'C:\Users\cahyo\OneDrive\Documents\tugas_akhir_sanber_2\tugas_akhir_sanber_2\node_modules\appium-uiautomator2-driver\node_modules\appium-uiautomator2-server\apks\appium-uiautomator2-server-debug-androidTest.apk' is signed with the default certificate
[38;5;48m[ADB][0m Getting install status for io.appium.uiautomator2.server.test
[38;5;48m[ADB][0m Running 'C:\Users\cahyo\AppData\Local\Android\Sdk\platform-tools\adb.exe -P 5037 -s RR8N2054F4B shell pm path io.appium.uiautomator2.server.test'
[38;5;48m[ADB][0m 'io.appium.uiautomator2.server.test' is installed
[38;5;48m[ADB][0m apksigner stdout: Signer #1 certificate DN: EMAILADDRESS=android@android.com, CN=Android, OU=Android, O=Android, L=Mountain View, ST=California, C=US
[38;5;48m[ADB][0m Signer #1 certificate SHA-256 digest: a40da80a59d170caa950cf15c18c454d47a39b26989d8b640ecd745ba71bf5dc
[38;5;48m[ADB][0m Signer #1 certificate SHA-1 digest: 61ed377e85d386a8dfee6b864bd85b0bfaa5af81
[38;5;48m[ADB][0m Signer #1 certificate MD5 digest: e89b158e4bcf988ebd09eb83f5378e87
[38;5;48m[ADB][0m 
[38;5;48m[ADB][0m sha256 hash did match for 'appium-uiautomator2-server-v6.0.9.apk'
[38;5;48m[ADB][0m 'C:\Users\cahyo\OneDrive\Documents\tugas_akhir_sanber_2\tugas_akhir_sanber_2\node_modules\appium-uiautomator2-driver\node_modules\appium-uiautomator2-server\apks\appium-uiautomator2-server-v6.0.9.apk' is signed with the default certificate
[38;5;48m[ADB][0m Getting package info for 'io.appium.uiautomator2.server'
[38;5;48m[ADB][0m Running 'C:\Users\cahyo\AppData\Local\Android\Sdk\platform-tools\adb.exe -P 5037 -s RR8N2054F4B shell dumpsys package io.appium.uiautomator2.server'
[38;5;48m[ADB][0m The version name of the installed 'io.appium.uiautomator2.server' is greater or equal to the application version name ('6.0.9' >= '6.0.9')
[38;5;32m[AndroidUiautomator2Driver@3c41 (73c0f5cc)][0m Server packages status: [{"wasSigned":true,"installState":"sameVersionInstalled","appPath":"C:\\Users\\cahyo\\OneDrive\\Documents\\tugas_akhir_sanber_2\\tugas_akhir_sanber_2\\node_modules\\appium-uiautomator2-driver\\node_modules\\appium-uiautomator2-server\\apks\\appium-uiautomator2-server-v6.0.9.apk","appId":"io.appium.uiautomator2.server"},{"wasSigned":true,"installState":"sameVersionInstalled","appPath":"C:\\Users\\cahyo\\OneDrive\\Documents\\tugas_akhir_sanber_2\\tugas_akhir_sanber_2\\node_modules\\appium-uiautomator2-driver\\node_modules\\appium-uiautomator2-server\\apks\\appium-uiautomator2-server-debug-androidTest.apk","appId":"io.appium.uiautomator2.server.test"}]
[38;5;32m[AndroidUiautomator2Driver@3c41 (73c0f5cc)][0m Server packages are not going to be (re)installed
[38;5;32m[AndroidUiautomator2Driver@3c41 (73c0f5cc)][0m Waiting up to 30000ms for services to be available
[38;5;48m[ADB][0m Running 'C:\Users\cahyo\AppData\Local\Android\Sdk\platform-tools\adb.exe -P 5037 -s RR8N2054F4B shell pm list instrumentation'
[38;5;32m[AndroidUiautomator2Driver@3c41 (73c0f5cc)][0m Instrumentation target 'io.appium.uiautomator2.server.test/androidx.test.runner.AndroidJUnitRunner' is available
[38;5;48m[ADB][0m Adding packages ["io.appium.settings","io.appium.uiautomator2.server","io.appium.uiautomator2.server.test"] to Doze whitelist
[38;5;48m[ADB][0m Got the following command chunks to execute: [["dumpsys","deviceidle","whitelist","+io.appium.settings",";","dumpsys","deviceidle","whitelist","+io.appium.uiautomator2.server",";","dumpsys","deviceidle","whitelist","+io.appium.uiautomator2.server.test",";"]]
[38;5;48m[ADB][0m Running 'C:\Users\cahyo\AppData\Local\Android\Sdk\platform-tools\adb.exe -P 5037 -s RR8N2054F4B shell dumpsys deviceidle whitelist +io.appium.settings ; dumpsys deviceidle whitelist +io.appium.uiautomator2.server ; dumpsys deviceidle whitelist +io.appium.uiautomator2.server.test ;'
[38;5;32m[AndroidUiautomator2Driver@3c41 (73c0f5cc)][0m Performing shallow cleanup of automation leftovers
[38;5;32m[AndroidUiautomator2Driver@3c41 (73c0f5cc)][0m No obsolete sessions have been detected (socket hang up)
[38;5;48m[ADB][0m Running 'C:\Users\cahyo\AppData\Local\Android\Sdk\platform-tools\adb.exe -P 5037 -s RR8N2054F4B shell am force-stop io.appium.uiautomator2.server.test'
[38;5;32m[AndroidUiautomator2Driver@3c41 (73c0f5cc)][0m Starting UIAutomator2 server 6.0.9
[38;5;32m[AndroidUiautomator2Driver@3c41 (73c0f5cc)][0m Using UIAutomator2 server from 'C:\Users\cahyo\OneDrive\Documents\tugas_akhir_sanber_2\tugas_akhir_sanber_2\node_modules\appium-uiautomator2-driver\node_modules\appium-uiautomator2-server\apks\appium-uiautomator2-server-v6.0.9.apk' and test from 'C:\Users\cahyo\OneDrive\Documents\tugas_akhir_sanber_2\tugas_akhir_sanber_2\node_modules\appium-uiautomator2-driver\node_modules\appium-uiautomator2-server\apks\appium-uiautomator2-server-debug-androidTest.apk'
[38;5;32m[AndroidUiautomator2Driver@3c41 (73c0f5cc)][0m Waiting up to 30000ms for UiAutomator2 to be online...
[38;5;48m[ADB][0m Creating ADB subprocess with args: ["-P","5037","-s","RR8N2054F4B","shell","am","instrument","-w","-e","disableAnalytics","true","io.appium.uiautomator2.server.test/androidx.test.runner.AndroidJUnitRunner"]
[38;5;32m[AndroidUiautomator2Driver@3c41 (73c0f5cc)][0m Matched '/status' to command name 'getStatus'
[38;5;32m[AndroidUiautomator2Driver@3c41 (73c0f5cc)][0m Proxying [GET /status] to [GET http://127.0.0.1:8200/status] with no body
[38;5;32m[AndroidUiautomator2Driver@3c41 (73c0f5cc)][0m socket hang up
[38;5;32m[AndroidUiautomator2Driver@3c41 (73c0f5cc)][0m Matched '/status' to command name 'getStatus'
[38;5;32m[AndroidUiautomator2Driver@3c41 (73c0f5cc)][0m Proxying [GET /status] to [GET http://127.0.0.1:8200/status] with no body
[38;5;32m[AndroidUiautomator2Driver@3c41 (73c0f5cc)][0m socket hang up
[38;5;96m[Instrumentation][0m io.appium.uiautomator2.server.test.AppiumUiAutomator2Server:
[38;5;32m[AndroidUiautomator2Driver@3c41 (73c0f5cc)][0m Matched '/status' to command name 'getStatus'
[38;5;32m[AndroidUiautomator2Driver@3c41 (73c0f5cc)][0m Proxying [GET /status] to [GET http://127.0.0.1:8200/status] with no body
[38;5;32m[AndroidUiautomator2Driver@3c41 (73c0f5cc)][0m socket hang up
[38;5;32m[AndroidUiautomator2Driver@3c41 (73c0f5cc)][0m Matched '/status' to command name 'getStatus'
[38;5;32m[AndroidUiautomator2Driver@3c41 (73c0f5cc)][0m Proxying [GET /status] to [GET http://127.0.0.1:8200/status] with no body
[38;5;32m[AndroidUiautomator2Driver@3c41 (73c0f5cc)][0m socket hang up
[38;5;32m[AndroidUiautomator2Driver@3c41 (73c0f5cc)][0m Matched '/status' to command name 'getStatus'
[38;5;32m[AndroidUiautomator2Driver@3c41 (73c0f5cc)][0m Proxying [GET /status] to [GET http://127.0.0.1:8200/status] with no body
[38;5;32m[AndroidUiautomator2Driver@3c41 (73c0f5cc)][0m Got response with status 200: {"sessionId":"None","value":{"message":"UiAutomator2 Server is ready to accept commands","ready":true}}
[38;5;32m[AndroidUiautomator2Driver@3c41 (73c0f5cc)][0m The initialization of the instrumentation process took 4334ms
[38;5;32m[AndroidUiautomator2Driver@3c41 (73c0f5cc)][0m Matched '/session' to command name 'createSession'
[38;5;32m[AndroidUiautomator2Driver@3c41 (73c0f5cc)][0m Proxying [POST /session] to [POST http://127.0.0.1:8200/session] with body: {"capabilities":{"firstMatch":[{"platformName":"Android","automationName":"UiAutomator2","deviceName":"RR8N2054F4B","platformVersion":"13","app":"C:\\Users\\cahyo\\OneDrive\\Documents\\tugas_akhir_sanber_2\\tugas_akhir_sanber_2\\test\\apk\\Dietmeal.apk","appPackage":"com.fghilmany.dietmealapp","appActivity":"ui.main.MainActivity","noReset":true,"forceAppLaunch":true,"uiautomator2ServerInstallTimeout":60000,"platform":"LINUX","webStorageEnabled":false,"takesScreenshot":true,"javascriptEnabled":true,"databaseEnabled":false,"networkConnectionEnabled":true,"locationContextEnabled":false,"warnings":{},"desired":{"platformName":"Android","automationName":"UiAutomator2","deviceName":"SM-A515F","platformVersion":"13","app":"C:\\Users\\cahyo\\OneDrive\\Documents\\tugas_akhir_sanber_2\\tugas_akhir_sanber_2\\test\\apk\\Dietmeal.apk","appPackage":"com.fghilmany.dietmealapp","appActivity":"ui.main.MainActivity","noReset":true,"forceAppLaunch":true,"uiautomator2ServerInstallTimeout":60000},"deviceUDID":"RR8N2054F4B"}],"...
[38;5;32m[AndroidUiautomator2Driver@3c41 (73c0f5cc)][0m Got response with status 200: {"sessionId":"5b11b408-9567-49fa-b1f9-df64e692a613","value":{"capabilities":{"firstMatch":[{"platformName":"Android","automationName":"UiAutomator2","deviceName":"RR8N2054F4B","platformVersion":"13","app":"C:\\Users\\cahyo\\OneDrive\\Documents\\tugas_akhir_sanber_2\\tugas_akhir_sanber_2\\test\\apk\\Dietmeal.apk","appPackage":"com.fghilmany.dietmealapp","appActivity":"ui.main.MainActivity","noReset":true,"forceAppLaunch":true,"uiautomator2ServerInstallTimeout":60000,"platform":"LINUX","webStorageEnabled":false,"takesScreenshot":true,"javascriptEnabled":true,"databaseEnabled":false,"networkConnectionEnabled":true,"locationContextEnabled":false,"warnings":{},"desired":{"platformName":"Android","automationName":"UiAutomator2","deviceName":"SM-A515F","platformVersion":"13","app":"C:\\Users\\cahyo\\OneDrive\\Documents\\tugas_akhir_sanber_2\\tugas_akhir_sanber_2\\test\\apk\\Dietmeal.apk","appPackage":"com.fghilmany.dietmealapp","appActivity":"ui.main.MainActivity","noReset":true,"forceAppLaunch":true,"uiautomator...
[38;5;32m[AndroidUiautomator2Driver@3c41 (73c0f5cc)][0m Determined the downstream protocol as 'W3C'
[38;5;32m[AndroidUiautomator2Driver@3c41 (73c0f5cc)][0m Proxying [GET /appium/device/pixel_ratio] to [GET http://127.0.0.1:8200/session/5b11b408-9567-49fa-b1f9-df64e692a613/appium/device/pixel_ratio] with no body
[38;5;32m[AndroidUiautomator2Driver@3c41 (73c0f5cc)][0m Matched '/appium/device/system_bars' to command name 'getSystemBars'
[38;5;32m[AndroidUiautomator2Driver@3c41 (73c0f5cc)][0m Proxying [GET /appium/device/system_bars] to [GET http://127.0.0.1:8200/session/5b11b408-9567-49fa-b1f9-df64e692a613/appium/device/system_bars] with no body
[38;5;32m[AndroidUiautomator2Driver@3c41 (73c0f5cc)][0m Matched '/window/current/size' to command name 'getWindowSize'
[38;5;32m[AndroidUiautomator2Driver@3c41 (73c0f5cc)][0m Proxying [GET /window/current/size] to [GET http://127.0.0.1:8200/session/5b11b408-9567-49fa-b1f9-df64e692a613/window/current/size] with no body
[38;5;32m[AndroidUiautomator2Driver@3c41 (73c0f5cc)][0m Proxying [GET /appium/device/info] to [GET http://127.0.0.1:8200/session/5b11b408-9567-49fa-b1f9-df64e692a613/appium/device/info] with no body
[38;5;48m[ADB][0m Running 'C:\Users\cahyo\AppData\Local\Android\Sdk\platform-tools\adb.exe -P 5037 -s RR8N2054F4B shell dumpsys window'
[38;5;32m[AndroidUiautomator2Driver@3c41 (73c0f5cc)][0m Got response with status 200: {"sessionId":"5b11b408-9567-49fa-b1f9-df64e692a613","value":2.625}
[38;5;32m[AndroidUiautomator2Driver@3c41 (73c0f5cc)][0m Got response with status 200: {"sessionId":"5b11b408-9567-49fa-b1f9-df64e692a613","value":{"height":2400,"width":1080}}
[38;5;32m[AndroidUiautomator2Driver@3c41 (73c0f5cc)][0m Got response with status 200: {"sessionId":"5b11b408-9567-49fa-b1f9-df64e692a613","value":{"statusBar":87}}
[38;5;32m[AndroidUiautomator2Driver@3c41 (73c0f5cc)][0m Got response with status 200: {"sessionId":"5b11b408-9567-49fa-b1f9-df64e692a613","value":{"androidId":"6b90dc97f30bd734","apiVersion":"33","bluetooth":{"state":"OFF"},"brand":"samsung","carrierName":"XL Axiata","displayDensity":420,"locale":"in_ID","manufacturer":"samsung","model":"SM-A515F","networks":[{"capabilities":{"SSID":null,"linkDownBandwidthKbps":5629,"linkUpstreamBandwidthKbps":4255,"networkCapabilities":"NET_CAPABILITY_IMS,NET_CAPABILITY_NOT_METERED,NET_CAPABILITY_TRUSTED,NET_CAPABILITY_NOT_VPN,NET_CAPABILITY_VALIDATED,NET_CAPABILITY_NOT_ROAMING,NET_CAPABILITY_FOREGROUND,NET_CAPABILITY_NOT_CONGESTED,NET_CAPABILITY_NOT_SUSPENDED","signalStrength":-2147483648,"transportTypes":"TRANSPORT_CELLULAR"},"detailedState":"CONNECTED","extraInfo":"IMS","isAvailable":true,"isConnected":true,"isFailover":false,"isRoaming":false,"state":"CONNECTED","subtype":13,"subtypeName":"LTE","type":0,"typeName":"MOBILE"},{"capabilities":{"SSID":null,"linkDownBandwidthKbps":35062,"linkUpstreamBandwidthKbps":14301,"networkCapabilities":"NET_CAPABILITY...
[38;5;32m[AndroidUiautomator2Driver@3c41 (73c0f5cc)][0m Screen already unlocked, doing nothing
[38;5;32m[AndroidUiautomator2Driver@3c41 (73c0f5cc)][0m Starting 'com.fghilmany.dietmealapp/ui.main.MainActivity and waiting for 'com.fghilmany.dietmealapp/ui.main.MainActivity'
[38;5;48m[ADB][0m Running 'C:\Users\cahyo\AppData\Local\Android\Sdk\platform-tools\adb.exe -P 5037 -s RR8N2054F4B shell am start -W -n com.fghilmany.dietmealapp/ui.main.MainActivity -S -a android.intent.action.MAIN -c android.intent.category.LAUNCHER -f 0x10200000'
[38;5;48m[ADB][0m We tried to start an activity that doesn't exist, retrying with '.ui.main.MainActivity' activity name
[38;5;48m[ADB][0m Running 'C:\Users\cahyo\AppData\Local\Android\Sdk\platform-tools\adb.exe -P 5037 -s RR8N2054F4B shell am start -W -n com.fghilmany.dietmealapp/.ui.main.MainActivity -S -a android.intent.action.MAIN -c android.intent.category.LAUNCHER -f 0x10200000'
[38;5;16m[AppiumDriver@19dc][0m New AndroidUiautomator2Driver session created successfully, session 73c0f5cc-e542-4404-acf9-91ebc6cb5b01 added to master session list
[38;5;16m[AppiumDriver@19dc][0m Event 'newSessionStarted' logged at 1716372386161 (17:06:26 GMT+0700 (Western Indonesia Time))
[38;5;32m[AndroidUiautomator2Driver@3c41 (73c0f5cc)][0m Cached the protocol value 'W3C' for the new session 73c0f5cc-e542-4404-acf9-91ebc6cb5b01
[38;5;32m[AndroidUiautomator2Driver@3c41 (73c0f5cc)][0m Responding to client with driver.createSession() result: {"capabilities":{"platformName":"Android","automationName":"UiAutomator2","deviceName":"RR8N2054F4B","platformVersion":"13","app":"C:\\Users\\cahyo\\OneDrive\\Documents\\tugas_akhir_sanber_2\\tugas_akhir_sanber_2\\test\\apk\\Dietmeal.apk","appPackage":"com.fghilmany.dietmealapp","appActivity":"ui.main.MainActivity","noReset":true,"forceAppLaunch":true,"uiautomator2ServerInstallTimeout":60000,"platform":"LINUX","webStorageEnabled":false,"takesScreenshot":true,"javascriptEnabled":true,"databaseEnabled":false,"networkConnectionEnabled":true,"locationContextEnabled":false,"warnings":{},"desired":{"platformName":"Android","automationName":"UiAutomator2","deviceName":"SM-A515F","platformVersion":"13","app":"C:\\Users\\cahyo\\OneDrive\\Documents\\tugas_akhir_sanber_2\\tugas_akhir_sanber_2\\test\\apk\\Dietmeal.apk","appPackage":"com.fghilmany.dietmealapp","appActivity":"ui.main.MainActivity","noReset":true,"forceAppLaunch":true,"uiautomator2ServerInstallTimeout":60000},"deviceUDID":"RR8N2054F4B","pixelRatio":"2.62...
[38;5;0m[HTTP][0m [37m<-- POST /session [39m[32m200[39m [90m10968 ms - 1300[39m
[38;5;0m[HTTP][0m [90m[39m
[38;5;0m[HTTP][0m [37m-->[39m [37mPOST[39m [37m/session/73c0f5cc-e542-4404-acf9-91ebc6cb5b01/element[39m
[38;5;0m[HTTP][0m [90m{"using":"xpath","value":"/hierarchy/android.widget.FrameLayout/android.widget.LinearLayout/android.widget.FrameLayout/android.view.ViewGroup/android.widget.FrameLayout[2]/android.view.ViewGroup/android.widget.FrameLayout/android.view.ViewGroup/android.widget.LinearLayout[1]/android.widget.FrameLayout/android.widget.EditText"}[39m
[38;5;32m[AndroidUiautomator2Driver@3c41 (73c0f5cc)][0m Calling AppiumDriver.findElement() with args: ["xpath","/hierarchy/android.widget.FrameLayout/android.widget.LinearLayout/android.widget.FrameLayout/android.view.ViewGroup/android.widget.FrameLayout[2]/android.view.ViewGroup/android.widget.FrameLayout/android.view.ViewGroup/android.widget.LinearLayout[1]/android.widget.FrameLayout/android.widget.EditText","73c0f5cc-e542-4404-acf9-91ebc6cb5b01"]
[38;5;32m[AndroidUiautomator2Driver@3c41 (73c0f5cc)][0m Valid locator strategies for this request: xpath, id, class name, accessibility id, css selector, -android uiautomator
[38;5;32m[AndroidUiautomator2Driver@3c41 (73c0f5cc)][0m Waiting up to 0 ms for condition
[38;5;32m[AndroidUiautomator2Driver@3c41 (73c0f5cc)][0m Matched '/element' to command name 'findElement'
[38;5;32m[AndroidUiautomator2Driver@3c41 (73c0f5cc)][0m Proxying [POST /element] to [POST http://127.0.0.1:8200/session/5b11b408-9567-49fa-b1f9-df64e692a613/element] with body: {"strategy":"xpath","selector":"/hierarchy/android.widget.FrameLayout/android.widget.LinearLayout/android.widget.FrameLayout/android.view.ViewGroup/android.widget.FrameLayout[2]/android.view.ViewGroup/android.widget.FrameLayout/android.view.ViewGroup/android.widget.LinearLayout[1]/android.widget.FrameLayout/android.widget.EditText","context":"","multiple":false}
[38;5;32m[AndroidUiautomator2Driver@3c41 (73c0f5cc)][0m Got response with status 404: {"sessionId":"5b11b408-9567-49fa-b1f9-df64e692a613","value":{"error":"no such element","message":"An element could not be located on the page using the given search parameters","stacktrace":"io.appium.uiautomator2.common.exceptions.ElementNotFoundException: An element could not be located on the page using the given search parameters\n\tat io.appium.uiautomator2.utils.ElementLocationHelpers.findElement(ElementLocationHelpers.java:156)\n\tat io.appium.uiautomator2.handler.FindElement.safeHandle(FindElement.java:60)\n\tat io.appium.uiautomator2.handler.request.SafeRequestHandler.handle(SafeRequestHandler.java:59)\n\tat io.appium.uiautomator2.server.AppiumServlet.handleRequest(AppiumServlet.java:277)\n\tat io.appium.uiautomator2.server.AppiumServlet.handleHttpRequest(AppiumServlet.java:271)\n\tat io.appium.uiautomator2.http.ServerHandler.channelRead(ServerHandler.java:77)\n\tat io.netty.channel.AbstractChannelHandlerContext.invokeChannelRead(AbstractChannelHandlerContext.java:366)\n\tat io.netty.channel.Abstr...
[38;5;112m[W3C][0m Matched W3C error code 'no such element' to NoSuchElementError
[38;5;32m[AndroidUiautomator2Driver@3c41 (73c0f5cc)][0m Encountered internal error running command: NoSuchElementError: An element could not be located on the page using the given search parameters.
[38;5;32m[AndroidUiautomator2Driver@3c41 (73c0f5cc)][0m     at AndroidUiautomator2Driver.findElOrEls (C:\Users\cahyo\OneDrive\Documents\tugas_akhir_sanber_2\tugas_akhir_sanber_2\node_modules\appium-uiautomator2-driver\node_modules\appium-android-driver\lib\commands\find.ts:86:11)
[38;5;32m[AndroidUiautomator2Driver@3c41 (73c0f5cc)][0m     at processTicksAndRejections (node:internal/process/task_queues:95:5)
[38;5;32m[AndroidUiautomator2Driver@3c41 (73c0f5cc)][0m     at AndroidUiautomator2Driver.findElOrElsWithProcessing (C:\Users\cahyo\OneDrive\Documents\tugas_akhir_sanber_2\tugas_akhir_sanber_2\node_modules\appium-uiautomator2-driver\node_modules\@appium\base-driver\lib\basedriver\commands\find.ts:60:12)
[38;5;32m[AndroidUiautomator2Driver@3c41 (73c0f5cc)][0m     at AndroidUiautomator2Driver.findElement (C:\Users\cahyo\OneDrive\Documents\tugas_akhir_sanber_2\tugas_akhir_sanber_2\node_modules\appium-uiautomator2-driver\node_modules\@appium\base-driver\lib\basedriver\commands\find.ts:75:12)
[38;5;0m[HTTP][0m [37m<-- POST /session/73c0f5cc-e542-4404-acf9-91ebc6cb5b01/element [39m[33m404[39m [90m1993 ms - 1070[39m
[38;5;0m[HTTP][0m [90m[39m
[38;5;0m[HTTP][0m [37m-->[39m [37mPOST[39m [37m/session/73c0f5cc-e542-4404-acf9-91ebc6cb5b01/elements[39m
[38;5;0m[HTTP][0m [90m{"using":"xpath","value":"/hierarchy/android.widget.FrameLayout/android.widget.LinearLayout/android.widget.FrameLayout/android.view.ViewGroup/android.widget.FrameLayout[2]/android.view.ViewGroup/android.widget.FrameLayout/android.view.ViewGroup/android.widget.LinearLayout[1]/android.widget.FrameLayout/android.widget.EditText"}[39m
[38;5;32m[AndroidUiautomator2Driver@3c41 (73c0f5cc)][0m Calling AppiumDriver.findElements() with args: ["xpath","/hierarchy/android.widget.FrameLayout/android.widget.LinearLayout/android.widget.FrameLayout/android.view.ViewGroup/android.widget.FrameLayout[2]/android.view.ViewGroup/android.widget.FrameLayout/android.view.ViewGroup/android.widget.LinearLayout[1]/android.widget.FrameLayout/android.widget.EditText","73c0f5cc-e542-4404-acf9-91ebc6cb5b01"]
[38;5;32m[AndroidUiautomator2Driver@3c41 (73c0f5cc)][0m Valid locator strategies for this request: xpath, id, class name, accessibility id, css selector, -android uiautomator
[38;5;32m[AndroidUiautomator2Driver@3c41 (73c0f5cc)][0m Waiting up to 0 ms for condition
[38;5;32m[AndroidUiautomator2Driver@3c41 (73c0f5cc)][0m Matched '/elements' to command name 'findElements'
[38;5;32m[AndroidUiautomator2Driver@3c41 (73c0f5cc)][0m Proxying [POST /elements] to [POST http://127.0.0.1:8200/session/5b11b408-9567-49fa-b1f9-df64e692a613/elements] with body: {"strategy":"xpath","selector":"/hierarchy/android.widget.FrameLayout/android.widget.LinearLayout/android.widget.FrameLayout/android.view.ViewGroup/android.widget.FrameLayout[2]/android.view.ViewGroup/android.widget.FrameLayout/android.view.ViewGroup/android.widget.LinearLayout[1]/android.widget.FrameLayout/android.widget.EditText","context":"","multiple":true}
[38;5;32m[AndroidUiautomator2Driver@3c41 (73c0f5cc)][0m Got response with status 200: {"sessionId":"5b11b408-9567-49fa-b1f9-df64e692a613","value":[]}
[38;5;32m[AndroidUiautomator2Driver@3c41 (73c0f5cc)][0m Responding to client with driver.findElements() result: []
[38;5;0m[HTTP][0m [37m<-- POST /session/73c0f5cc-e542-4404-acf9-91ebc6cb5b01/elements [39m[32m200[39m [90m263 ms - 12[39m
[38;5;0m[HTTP][0m [90m[39m
[38;5;0m[HTTP][0m [37m-->[39m [37mPOST[39m [37m/session/73c0f5cc-e542-4404-acf9-91ebc6cb5b01/elements[39m
[38;5;0m[HTTP][0m [90m{"using":"xpath","value":"/hierarchy/android.widget.FrameLayout/android.widget.LinearLayout/android.widget.FrameLayout/android.view.ViewGroup/android.widget.FrameLayout[2]/android.view.ViewGroup/android.widget.FrameLayout/android.view.ViewGroup/android.widget.LinearLayout[1]/android.widget.FrameLayout/android.widget.EditText"}[39m
[38;5;32m[AndroidUiautomator2Driver@3c41 (73c0f5cc)][0m Calling AppiumDriver.findElements() with args: ["xpath","/hierarchy/android.widget.FrameLayout/android.widget.LinearLayout/android.widget.FrameLayout/android.view.ViewGroup/android.widget.FrameLayout[2]/android.view.ViewGroup/android.widget.FrameLayout/android.view.ViewGroup/android.widget.LinearLayout[1]/android.widget.FrameLayout/android.widget.EditText","73c0f5cc-e542-4404-acf9-91ebc6cb5b01"]
[38;5;32m[AndroidUiautomator2Driver@3c41 (73c0f5cc)][0m Valid locator strategies for this request: xpath, id, class name, accessibility id, css selector, -android uiautomator
[38;5;32m[AndroidUiautomator2Driver@3c41 (73c0f5cc)][0m Waiting up to 0 ms for condition
[38;5;32m[AndroidUiautomator2Driver@3c41 (73c0f5cc)][0m Matched '/elements' to command name 'findElements'
[38;5;32m[AndroidUiautomator2Driver@3c41 (73c0f5cc)][0m Proxying [POST /elements] to [POST http://127.0.0.1:8200/session/5b11b408-9567-49fa-b1f9-df64e692a613/elements] with body: {"strategy":"xpath","selector":"/hierarchy/android.widget.FrameLayout/android.widget.LinearLayout/android.widget.FrameLayout/android.view.ViewGroup/android.widget.FrameLayout[2]/android.view.ViewGroup/android.widget.FrameLayout/android.view.ViewGroup/android.widget.LinearLayout[1]/android.widget.FrameLayout/android.widget.EditText","context":"","multiple":true}
[38;5;32m[AndroidUiautomator2Driver@3c41 (73c0f5cc)][0m Got response with status 200: {"sessionId":"5b11b408-9567-49fa-b1f9-df64e692a613","value":[{"ELEMENT":"00000000-0000-5fa6-ffff-ffff00000017","element-6066-11e4-a52e-4f735466cecf":"00000000-0000-5fa6-ffff-ffff00000017"}]}
[38;5;32m[AndroidUiautomator2Driver@3c41 (73c0f5cc)][0m Responding to client with driver.findElements() result: [{"element-6066-11e4-a52e-4f735466cecf":"00000000-0000-5fa6-ffff-ffff00000017","ELEMENT":"00000000-0000-5fa6-ffff-ffff00000017"}]
[38;5;0m[HTTP][0m [37m<-- POST /session/73c0f5cc-e542-4404-acf9-91ebc6cb5b01/elements [39m[32m200[39m [90m561 ms - 139[39m
[38;5;0m[HTTP][0m [90m[39m
[38;5;0m[HTTP][0m [37m-->[39m [37mPOST[39m [37m/session/73c0f5cc-e542-4404-acf9-91ebc6cb5b01/element[39m
[38;5;0m[HTTP][0m [90m{"using":"xpath","value":"/hierarchy/android.widget.FrameLayout/android.widget.LinearLayout/android.widget.FrameLayout/android.view.ViewGroup/android.widget.FrameLayout[2]/android.view.ViewGroup/android.widget.FrameLayout/android.view.ViewGroup/android.widget.LinearLayout[1]/android.widget.FrameLayout/android.widget.EditText"}[39m
[38;5;32m[AndroidUiautomator2Driver@3c41 (73c0f5cc)][0m Calling AppiumDriver.findElement() with args: ["xpath","/hierarchy/android.widget.FrameLayout/android.widget.LinearLayout/android.widget.FrameLayout/android.view.ViewGroup/android.widget.FrameLayout[2]/android.view.ViewGroup/android.widget.FrameLayout/android.view.ViewGroup/android.widget.LinearLayout[1]/android.widget.FrameLayout/android.widget.EditText","73c0f5cc-e542-4404-acf9-91ebc6cb5b01"]
[38;5;32m[AndroidUiautomator2Driver@3c41 (73c0f5cc)][0m Valid locator strategies for this request: xpath, id, class name, accessibility id, css selector, -android uiautomator
[38;5;32m[AndroidUiautomator2Driver@3c41 (73c0f5cc)][0m Waiting up to 0 ms for condition
[38;5;32m[AndroidUiautomator2Driver@3c41 (73c0f5cc)][0m Matched '/element' to command name 'findElement'
[38;5;32m[AndroidUiautomator2Driver@3c41 (73c0f5cc)][0m Proxying [POST /element] to [POST http://127.0.0.1:8200/session/5b11b408-9567-49fa-b1f9-df64e692a613/element] with body: {"strategy":"xpath","selector":"/hierarchy/android.widget.FrameLayout/android.widget.LinearLayout/android.widget.FrameLayout/android.view.ViewGroup/android.widget.FrameLayout[2]/android.view.ViewGroup/android.widget.FrameLayout/android.view.ViewGroup/android.widget.LinearLayout[1]/android.widget.FrameLayout/android.widget.EditText","context":"","multiple":false}
[38;5;32m[AndroidUiautomator2Driver@3c41 (73c0f5cc)][0m Got response with status 200: {"sessionId":"5b11b408-9567-49fa-b1f9-df64e692a613","value":{"ELEMENT":"00000000-0000-5fa6-ffff-ffff00000017","element-6066-11e4-a52e-4f735466cecf":"00000000-0000-5fa6-ffff-ffff00000017"}}
[38;5;32m[AndroidUiautomator2Driver@3c41 (73c0f5cc)][0m Responding to client with driver.findElement() result: {"element-6066-11e4-a52e-4f735466cecf":"00000000-0000-5fa6-ffff-ffff00000017","ELEMENT":"00000000-0000-5fa6-ffff-ffff00000017"}
[38;5;0m[HTTP][0m [37m<-- POST /session/73c0f5cc-e542-4404-acf9-91ebc6cb5b01/element [39m[32m200[39m [90m643 ms - 137[39m
[38;5;0m[HTTP][0m [90m[39m
[38;5;0m[HTTP][0m [37m-->[39m [37mPOST[39m [37m/session/73c0f5cc-e542-4404-acf9-91ebc6cb5b01/element/00000000-0000-5fa6-ffff-ffff00000017/clear[39m
[38;5;0m[HTTP][0m [90m{}[39m
[38;5;32m[AndroidUiautomator2Driver@3c41 (73c0f5cc)][0m Calling AppiumDriver.clear() with args: ["00000000-0000-5fa6-ffff-ffff00000017","73c0f5cc-e542-4404-acf9-91ebc6cb5b01"]
[38;5;32m[AndroidUiautomator2Driver@3c41 (73c0f5cc)][0m Matched '/element/00000000-0000-5fa6-ffff-ffff00000017/clear' to command name 'clear'
[38;5;32m[AndroidUiautomator2Driver@3c41 (73c0f5cc)][0m Proxying [POST /element/00000000-0000-5fa6-ffff-ffff00000017/clear] to [POST http://127.0.0.1:8200/session/5b11b408-9567-49fa-b1f9-df64e692a613/element/00000000-0000-5fa6-ffff-ffff00000017/clear] with body: {"elementId":"00000000-0000-5fa6-ffff-ffff00000017"}
[38;5;32m[AndroidUiautomator2Driver@3c41 (73c0f5cc)][0m Got response with status 200: {"sessionId":"5b11b408-9567-49fa-b1f9-df64e692a613","value":null}
[38;5;32m[AndroidUiautomator2Driver@3c41 (73c0f5cc)][0m Responding to client with driver.clear() result: null
[38;5;0m[HTTP][0m [37m<-- POST /session/73c0f5cc-e542-4404-acf9-91ebc6cb5b01/element/00000000-0000-5fa6-ffff-ffff00000017/clear [39m[32m200[39m [90m74 ms - 14[39m
[38;5;0m[HTTP][0m [90m[39m
[38;5;0m[HTTP][0m [37m-->[39m [37mPOST[39m [37m/session/73c0f5cc-e542-4404-acf9-91ebc6cb5b01/element/00000000-0000-5fa6-ffff-ffff00000017/clear[39m
[38;5;0m[HTTP][0m [90m{}[39m
[38;5;32m[AndroidUiautomator2Driver@3c41 (73c0f5cc)][0m Calling AppiumDriver.clear() with args: ["00000000-0000-5fa6-ffff-ffff00000017","73c0f5cc-e542-4404-acf9-91ebc6cb5b01"]
[38;5;32m[AndroidUiautomator2Driver@3c41 (73c0f5cc)][0m Matched '/element/00000000-0000-5fa6-ffff-ffff00000017/clear' to command name 'clear'
[38;5;32m[AndroidUiautomator2Driver@3c41 (73c0f5cc)][0m Proxying [POST /element/00000000-0000-5fa6-ffff-ffff00000017/clear] to [POST http://127.0.0.1:8200/session/5b11b408-9567-49fa-b1f9-df64e692a613/element/00000000-0000-5fa6-ffff-ffff00000017/clear] with body: {"elementId":"00000000-0000-5fa6-ffff-ffff00000017"}
[38;5;32m[AndroidUiautomator2Driver@3c41 (73c0f5cc)][0m Got response with status 200: {"sessionId":"5b11b408-9567-49fa-b1f9-df64e692a613","value":null}
[38;5;32m[AndroidUiautomator2Driver@3c41 (73c0f5cc)][0m Responding to client with driver.clear() result: null
[38;5;0m[HTTP][0m [37m<-- POST /session/73c0f5cc-e542-4404-acf9-91ebc6cb5b01/element/00000000-0000-5fa6-ffff-ffff00000017/clear [39m[32m200[39m [90m537 ms - 14[39m
[38;5;0m[HTTP][0m [90m[39m
[38;5;0m[HTTP][0m [37m-->[39m [37mPOST[39m [37m/session/73c0f5cc-e542-4404-acf9-91ebc6cb5b01/element/00000000-0000-5fa6-ffff-ffff00000017/value[39m
[38;5;0m[HTTP][0m [90m{"text":"Cahyo Eko"}[39m
[38;5;32m[AndroidUiautomator2Driver@3c41 (73c0f5cc)][0m Calling AppiumDriver.setValue() with args: ["Cahyo Eko","00000000-0000-5fa6-ffff-ffff00000017","73c0f5cc-e542-4404-acf9-91ebc6cb5b01"]
[38;5;32m[AndroidUiautomator2Driver@3c41 (73c0f5cc)][0m Matched '/element/00000000-0000-5fa6-ffff-ffff00000017/value' to command name 'setValue'
[38;5;32m[AndroidUiautomator2Driver@3c41 (73c0f5cc)][0m Added 'value' property ["C","a","h","y","o"," ","E","k","o"] to 'setValue' request body
[38;5;32m[AndroidUiautomator2Driver@3c41 (73c0f5cc)][0m Proxying [POST /element/00000000-0000-5fa6-ffff-ffff00000017/value] to [POST http://127.0.0.1:8200/session/5b11b408-9567-49fa-b1f9-df64e692a613/element/00000000-0000-5fa6-ffff-ffff00000017/value] with body: {"elementId":"00000000-0000-5fa6-ffff-ffff00000017","text":"Cahyo Eko","replace":false,"value":["C","a","h","y","o"," ","E","k","o"]}
[38;5;32m[AndroidUiautomator2Driver@3c41 (73c0f5cc)][0m Got response with status 200: {"sessionId":"5b11b408-9567-49fa-b1f9-df64e692a613","value":null}
[38;5;32m[AndroidUiautomator2Driver@3c41 (73c0f5cc)][0m Responding to client with driver.setValue() result: null
[38;5;0m[HTTP][0m [37m<-- POST /session/73c0f5cc-e542-4404-acf9-91ebc6cb5b01/element/00000000-0000-5fa6-ffff-ffff00000017/value [39m[32m200[39m [90m1150 ms - 14[39m
[38;5;0m[HTTP][0m [90m[39m
[38;5;0m[HTTP][0m [37m-->[39m [37mGET[39m [37m/session/73c0f5cc-e542-4404-acf9-91ebc6cb5b01/element/00000000-0000-5fa6-ffff-ffff00000017/text[39m
[38;5;0m[HTTP][0m [90m{}[39m
[38;5;32m[AndroidUiautomator2Driver@3c41 (73c0f5cc)][0m Driver proxy active, passing request on via HTTP proxy
[38;5;32m[AndroidUiautomator2Driver@3c41 (73c0f5cc)][0m Matched '/session/73c0f5cc-e542-4404-acf9-91ebc6cb5b01/element/00000000-0000-5fa6-ffff-ffff00000017/text' to command name 'getText'
[38;5;32m[AndroidUiautomator2Driver@3c41 (73c0f5cc)][0m Proxying [GET /session/73c0f5cc-e542-4404-acf9-91ebc6cb5b01/element/00000000-0000-5fa6-ffff-ffff00000017/text] to [GET http://127.0.0.1:8200/session/5b11b408-9567-49fa-b1f9-df64e692a613/element/00000000-0000-5fa6-ffff-ffff00000017/text] with no body
[38;5;32m[AndroidUiautomator2Driver@3c41 (73c0f5cc)][0m Got response with status 200: {"sessionId":"5b11b408-9567-49fa-b1f9-df64e692a613","value":"Cahyo Eko"}
[38;5;32m[AndroidUiautomator2Driver@3c41 (73c0f5cc)][0m Replacing sessionId 5b11b408-9567-49fa-b1f9-df64e692a613 with 73c0f5cc-e542-4404-acf9-91ebc6cb5b01
[38;5;0m[HTTP][0m [37m<-- GET /session/73c0f5cc-e542-4404-acf9-91ebc6cb5b01/element/00000000-0000-5fa6-ffff-ffff00000017/text [39m[32m200[39m [90m526 ms - 72[39m
[38;5;0m[HTTP][0m [90m[39m
[38;5;0m[HTTP][0m [37m-->[39m [37mPOST[39m [37m/session/73c0f5cc-e542-4404-acf9-91ebc6cb5b01/element[39m
[38;5;0m[HTTP][0m [90m{"using":"xpath","value":"/hierarchy/android.widget.FrameLayout/android.widget.LinearLayout/android.widget.FrameLayout/android.view.ViewGroup/android.widget.FrameLayout[2]/android.view.ViewGroup/android.widget.FrameLayout/android.view.ViewGroup/android.widget.LinearLayout[2]/android.widget.FrameLayout/android.widget.EditText"}[39m
[38;5;32m[AndroidUiautomator2Driver@3c41 (73c0f5cc)][0m Calling AppiumDriver.findElement() with args: ["xpath","/hierarchy/android.widget.FrameLayout/android.widget.LinearLayout/android.widget.FrameLayout/android.view.ViewGroup/android.widget.FrameLayout[2]/android.view.ViewGroup/android.widget.FrameLayout/android.view.ViewGroup/android.widget.LinearLayout[2]/android.widget.FrameLayout/android.widget.EditText","73c0f5cc-e542-4404-acf9-91ebc6cb5b01"]
[38;5;32m[AndroidUiautomator2Driver@3c41 (73c0f5cc)][0m Valid locator strategies for this request: xpath, id, class name, accessibility id, css selector, -android uiautomator
[38;5;32m[AndroidUiautomator2Driver@3c41 (73c0f5cc)][0m Waiting up to 0 ms for condition
[38;5;32m[AndroidUiautomator2Driver@3c41 (73c0f5cc)][0m Matched '/element' to command name 'findElement'
[38;5;32m[AndroidUiautomator2Driver@3c41 (73c0f5cc)][0m Proxying [POST /element] to [POST http://127.0.0.1:8200/session/5b11b408-9567-49fa-b1f9-df64e692a613/element] with body: {"strategy":"xpath","selector":"/hierarchy/android.widget.FrameLayout/android.widget.LinearLayout/android.widget.FrameLayout/android.view.ViewGroup/android.widget.FrameLayout[2]/android.view.ViewGroup/android.widget.FrameLayout/android.view.ViewGroup/android.widget.LinearLayout[2]/android.widget.FrameLayout/android.widget.EditText","context":"","multiple":false}
[38;5;32m[AndroidUiautomator2Driver@3c41 (73c0f5cc)][0m Got response with status 200: {"sessionId":"5b11b408-9567-49fa-b1f9-df64e692a613","value":{"ELEMENT":"00000000-0000-5fa6-ffff-ffff00000023","element-6066-11e4-a52e-4f735466cecf":"00000000-0000-5fa6-ffff-ffff00000023"}}
[38;5;32m[AndroidUiautomator2Driver@3c41 (73c0f5cc)][0m Responding to client with driver.findElement() result: {"element-6066-11e4-a52e-4f735466cecf":"00000000-0000-5fa6-ffff-ffff00000023","ELEMENT":"00000000-0000-5fa6-ffff-ffff00000023"}
[38;5;0m[HTTP][0m [37m<-- POST /session/73c0f5cc-e542-4404-acf9-91ebc6cb5b01/element [39m[32m200[39m [90m513 ms - 137[39m
[38;5;0m[HTTP][0m [90m[39m
[38;5;0m[HTTP][0m [37m-->[39m [37mPOST[39m [37m/session/73c0f5cc-e542-4404-acf9-91ebc6cb5b01/element/00000000-0000-5fa6-ffff-ffff00000023/clear[39m
[38;5;0m[HTTP][0m [90m{}[39m
[38;5;32m[AndroidUiautomator2Driver@3c41 (73c0f5cc)][0m Calling AppiumDriver.clear() with args: ["00000000-0000-5fa6-ffff-ffff00000023","73c0f5cc-e542-4404-acf9-91ebc6cb5b01"]
[38;5;32m[AndroidUiautomator2Driver@3c41 (73c0f5cc)][0m Matched '/element/00000000-0000-5fa6-ffff-ffff00000023/clear' to command name 'clear'
[38;5;32m[AndroidUiautomator2Driver@3c41 (73c0f5cc)][0m Proxying [POST /element/00000000-0000-5fa6-ffff-ffff00000023/clear] to [POST http://127.0.0.1:8200/session/5b11b408-9567-49fa-b1f9-df64e692a613/element/00000000-0000-5fa6-ffff-ffff00000023/clear] with body: {"elementId":"00000000-0000-5fa6-ffff-ffff00000023"}
[38;5;32m[AndroidUiautomator2Driver@3c41 (73c0f5cc)][0m Got response with status 200: {"sessionId":"5b11b408-9567-49fa-b1f9-df64e692a613","value":null}
[38;5;32m[AndroidUiautomator2Driver@3c41 (73c0f5cc)][0m Responding to client with driver.clear() result: null
[38;5;0m[HTTP][0m [37m<-- POST /session/73c0f5cc-e542-4404-acf9-91ebc6cb5b01/element/00000000-0000-5fa6-ffff-ffff00000023/clear [39m[32m200[39m [90m68 ms - 14[39m
[38;5;0m[HTTP][0m [90m[39m
[38;5;0m[HTTP][0m [37m-->[39m [37mPOST[39m [37m/session/73c0f5cc-e542-4404-acf9-91ebc6cb5b01/element/00000000-0000-5fa6-ffff-ffff00000023/clear[39m
[38;5;0m[HTTP][0m [90m{}[39m
[38;5;32m[AndroidUiautomator2Driver@3c41 (73c0f5cc)][0m Calling AppiumDriver.clear() with args: ["00000000-0000-5fa6-ffff-ffff00000023","73c0f5cc-e542-4404-acf9-91ebc6cb5b01"]
[38;5;32m[AndroidUiautomator2Driver@3c41 (73c0f5cc)][0m Matched '/element/00000000-0000-5fa6-ffff-ffff00000023/clear' to command name 'clear'
[38;5;32m[AndroidUiautomator2Driver@3c41 (73c0f5cc)][0m Proxying [POST /element/00000000-0000-5fa6-ffff-ffff00000023/clear] to [POST http://127.0.0.1:8200/session/5b11b408-9567-49fa-b1f9-df64e692a613/element/00000000-0000-5fa6-ffff-ffff00000023/clear] with body: {"elementId":"00000000-0000-5fa6-ffff-ffff00000023"}
[38;5;32m[AndroidUiautomator2Driver@3c41 (73c0f5cc)][0m Got response with status 200: {"sessionId":"5b11b408-9567-49fa-b1f9-df64e692a613","value":null}
[38;5;32m[AndroidUiautomator2Driver@3c41 (73c0f5cc)][0m Responding to client with driver.clear() result: null
[38;5;0m[HTTP][0m [37m<-- POST /session/73c0f5cc-e542-4404-acf9-91ebc6cb5b01/element/00000000-0000-5fa6-ffff-ffff00000023/clear [39m[32m200[39m [90m531 ms - 14[39m
[38;5;0m[HTTP][0m [90m[39m
[38;5;0m[HTTP][0m [37m-->[39m [37mPOST[39m [37m/session/73c0f5cc-e542-4404-acf9-91ebc6cb5b01/element/00000000-0000-5fa6-ffff-ffff00000023/value[39m
[38;5;0m[HTTP][0m [90m{"text":"50"}[39m
[38;5;32m[AndroidUiautomator2Driver@3c41 (73c0f5cc)][0m Calling AppiumDriver.setValue() with args: ["50","00000000-0000-5fa6-ffff-ffff00000023","73c0f5cc-e542-4404-acf9-91ebc6cb5b01"]
[38;5;32m[AndroidUiautomator2Driver@3c41 (73c0f5cc)][0m Matched '/element/00000000-0000-5fa6-ffff-ffff00000023/value' to command name 'setValue'
[38;5;32m[AndroidUiautomator2Driver@3c41 (73c0f5cc)][0m Added 'value' property ["5","0"] to 'setValue' request body
[38;5;32m[AndroidUiautomator2Driver@3c41 (73c0f5cc)][0m Proxying [POST /element/00000000-0000-5fa6-ffff-ffff00000023/value] to [POST http://127.0.0.1:8200/session/5b11b408-9567-49fa-b1f9-df64e692a613/element/00000000-0000-5fa6-ffff-ffff00000023/value] with body: {"elementId":"00000000-0000-5fa6-ffff-ffff00000023","text":"50","replace":false,"value":["5","0"]}
[38;5;32m[AndroidUiautomator2Driver@3c41 (73c0f5cc)][0m Got response with status 200: {"sessionId":"5b11b408-9567-49fa-b1f9-df64e692a613","value":null}
[38;5;32m[AndroidUiautomator2Driver@3c41 (73c0f5cc)][0m Responding to client with driver.setValue() result: null
[38;5;0m[HTTP][0m [37m<-- POST /session/73c0f5cc-e542-4404-acf9-91ebc6cb5b01/element/00000000-0000-5fa6-ffff-ffff00000023/value [39m[32m200[39m [90m1140 ms - 14[39m
[38;5;0m[HTTP][0m [90m[39m
[38;5;0m[HTTP][0m [37m-->[39m [37mGET[39m [37m/session/73c0f5cc-e542-4404-acf9-91ebc6cb5b01/element/00000000-0000-5fa6-ffff-ffff00000023/text[39m
[38;5;0m[HTTP][0m [90m{}[39m
[38;5;32m[AndroidUiautomator2Driver@3c41 (73c0f5cc)][0m Driver proxy active, passing request on via HTTP proxy
[38;5;32m[AndroidUiautomator2Driver@3c41 (73c0f5cc)][0m Matched '/session/73c0f5cc-e542-4404-acf9-91ebc6cb5b01/element/00000000-0000-5fa6-ffff-ffff00000023/text' to command name 'getText'
[38;5;32m[AndroidUiautomator2Driver@3c41 (73c0f5cc)][0m Proxying [GET /session/73c0f5cc-e542-4404-acf9-91ebc6cb5b01/element/00000000-0000-5fa6-ffff-ffff00000023/text] to [GET http://127.0.0.1:8200/session/5b11b408-9567-49fa-b1f9-df64e692a613/element/00000000-0000-5fa6-ffff-ffff00000023/text] with no body
[38;5;32m[AndroidUiautomator2Driver@3c41 (73c0f5cc)][0m Got response with status 200: {"sessionId":"5b11b408-9567-49fa-b1f9-df64e692a613","value":"50"}
[38;5;32m[AndroidUiautomator2Driver@3c41 (73c0f5cc)][0m Replacing sessionId 5b11b408-9567-49fa-b1f9-df64e692a613 with 73c0f5cc-e542-4404-acf9-91ebc6cb5b01
[38;5;0m[HTTP][0m [37m<-- GET /session/73c0f5cc-e542-4404-acf9-91ebc6cb5b01/element/00000000-0000-5fa6-ffff-ffff00000023/text [39m[32m200[39m [90m640 ms - 65[39m
[38;5;0m[HTTP][0m [90m[39m
[38;5;0m[HTTP][0m [37m-->[39m [37mPOST[39m [37m/session/73c0f5cc-e542-4404-acf9-91ebc6cb5b01/element[39m
[38;5;0m[HTTP][0m [90m{"using":"xpath","value":"/hierarchy/android.widget.FrameLayout/android.widget.LinearLayout/android.widget.FrameLayout/android.view.ViewGroup/android.widget.FrameLayout[2]/android.view.ViewGroup/android.widget.FrameLayout/android.view.ViewGroup/android.widget.LinearLayout[3]/android.widget.FrameLayout/android.widget.EditText"}[39m
[38;5;32m[AndroidUiautomator2Driver@3c41 (73c0f5cc)][0m Calling AppiumDriver.findElement() with args: ["xpath","/hierarchy/android.widget.FrameLayout/android.widget.LinearLayout/android.widget.FrameLayout/android.view.ViewGroup/android.widget.FrameLayout[2]/android.view.ViewGroup/android.widget.FrameLayout/android.view.ViewGroup/android.widget.LinearLayout[3]/android.widget.FrameLayout/android.widget.EditText","73c0f5cc-e542-4404-acf9-91ebc6cb5b01"]
[38;5;32m[AndroidUiautomator2Driver@3c41 (73c0f5cc)][0m Valid locator strategies for this request: xpath, id, class name, accessibility id, css selector, -android uiautomator
[38;5;32m[AndroidUiautomator2Driver@3c41 (73c0f5cc)][0m Waiting up to 0 ms for condition
[38;5;32m[AndroidUiautomator2Driver@3c41 (73c0f5cc)][0m Matched '/element' to command name 'findElement'
[38;5;32m[AndroidUiautomator2Driver@3c41 (73c0f5cc)][0m Proxying [POST /element] to [POST http://127.0.0.1:8200/session/5b11b408-9567-49fa-b1f9-df64e692a613/element] with body: {"strategy":"xpath","selector":"/hierarchy/android.widget.FrameLayout/android.widget.LinearLayout/android.widget.FrameLayout/android.view.ViewGroup/android.widget.FrameLayout[2]/android.view.ViewGroup/android.widget.FrameLayout/android.view.ViewGroup/android.widget.LinearLayout[3]/android.widget.FrameLayout/android.widget.EditText","context":"","multiple":false}
[38;5;32m[AndroidUiautomator2Driver@3c41 (73c0f5cc)][0m Got response with status 200: {"sessionId":"5b11b408-9567-49fa-b1f9-df64e692a613","value":{"ELEMENT":"00000000-0000-5fa6-ffff-ffff0000002f","element-6066-11e4-a52e-4f735466cecf":"00000000-0000-5fa6-ffff-ffff0000002f"}}
[38;5;32m[AndroidUiautomator2Driver@3c41 (73c0f5cc)][0m Responding to client with driver.findElement() result: {"element-6066-11e4-a52e-4f735466cecf":"00000000-0000-5fa6-ffff-ffff0000002f","ELEMENT":"00000000-0000-5fa6-ffff-ffff0000002f"}
[38;5;0m[HTTP][0m [37m<-- POST /session/73c0f5cc-e542-4404-acf9-91ebc6cb5b01/element [39m[32m200[39m [90m459 ms - 137[39m
[38;5;0m[HTTP][0m [90m[39m
[38;5;0m[HTTP][0m [37m-->[39m [37mPOST[39m [37m/session/73c0f5cc-e542-4404-acf9-91ebc6cb5b01/element/00000000-0000-5fa6-ffff-ffff0000002f/clear[39m
[38;5;0m[HTTP][0m [90m{}[39m
[38;5;32m[AndroidUiautomator2Driver@3c41 (73c0f5cc)][0m Calling AppiumDriver.clear() with args: ["00000000-0000-5fa6-ffff-ffff0000002f","73c0f5cc-e542-4404-acf9-91ebc6cb5b01"]
[38;5;32m[AndroidUiautomator2Driver@3c41 (73c0f5cc)][0m Matched '/element/00000000-0000-5fa6-ffff-ffff0000002f/clear' to command name 'clear'
[38;5;32m[AndroidUiautomator2Driver@3c41 (73c0f5cc)][0m Proxying [POST /element/00000000-0000-5fa6-ffff-ffff0000002f/clear] to [POST http://127.0.0.1:8200/session/5b11b408-9567-49fa-b1f9-df64e692a613/element/00000000-0000-5fa6-ffff-ffff0000002f/clear] with body: {"elementId":"00000000-0000-5fa6-ffff-ffff0000002f"}
[38;5;32m[AndroidUiautomator2Driver@3c41 (73c0f5cc)][0m Got response with status 200: {"sessionId":"5b11b408-9567-49fa-b1f9-df64e692a613","value":null}
[38;5;32m[AndroidUiautomator2Driver@3c41 (73c0f5cc)][0m Responding to client with driver.clear() result: null
[38;5;0m[HTTP][0m [37m<-- POST /session/73c0f5cc-e542-4404-acf9-91ebc6cb5b01/element/00000000-0000-5fa6-ffff-ffff0000002f/clear [39m[32m200[39m [90m71 ms - 14[39m
[38;5;0m[HTTP][0m [90m[39m
[38;5;0m[HTTP][0m [37m-->[39m [37mPOST[39m [37m/session/73c0f5cc-e542-4404-acf9-91ebc6cb5b01/element/00000000-0000-5fa6-ffff-ffff0000002f/clear[39m
[38;5;0m[HTTP][0m [90m{}[39m
[38;5;32m[AndroidUiautomator2Driver@3c41 (73c0f5cc)][0m Calling AppiumDriver.clear() with args: ["00000000-0000-5fa6-ffff-ffff0000002f","73c0f5cc-e542-4404-acf9-91ebc6cb5b01"]
[38;5;32m[AndroidUiautomator2Driver@3c41 (73c0f5cc)][0m Matched '/element/00000000-0000-5fa6-ffff-ffff0000002f/clear' to command name 'clear'
[38;5;32m[AndroidUiautomator2Driver@3c41 (73c0f5cc)][0m Proxying [POST /element/00000000-0000-5fa6-ffff-ffff0000002f/clear] to [POST http://127.0.0.1:8200/session/5b11b408-9567-49fa-b1f9-df64e692a613/element/00000000-0000-5fa6-ffff-ffff0000002f/clear] with body: {"elementId":"00000000-0000-5fa6-ffff-ffff0000002f"}
[38;5;32m[AndroidUiautomator2Driver@3c41 (73c0f5cc)][0m Got response with status 200: {"sessionId":"5b11b408-9567-49fa-b1f9-df64e692a613","value":null}
[38;5;32m[AndroidUiautomator2Driver@3c41 (73c0f5cc)][0m Responding to client with driver.clear() result: null
[38;5;0m[HTTP][0m [37m<-- POST /session/73c0f5cc-e542-4404-acf9-91ebc6cb5b01/element/00000000-0000-5fa6-ffff-ffff0000002f/clear [39m[32m200[39m [90m534 ms - 14[39m
[38;5;0m[HTTP][0m [90m[39m
[38;5;0m[HTTP][0m [37m-->[39m [37mPOST[39m [37m/session/73c0f5cc-e542-4404-acf9-91ebc6cb5b01/element/00000000-0000-5fa6-ffff-ffff0000002f/value[39m
[38;5;0m[HTTP][0m [90m{"text":"165"}[39m
[38;5;32m[AndroidUiautomator2Driver@3c41 (73c0f5cc)][0m Calling AppiumDriver.setValue() with args: ["165","00000000-0000-5fa6-ffff-ffff0000002f","73c0f5cc-e542-4404-acf9-91ebc6cb5b01"]
[38;5;32m[AndroidUiautomator2Driver@3c41 (73c0f5cc)][0m Matched '/element/00000000-0000-5fa6-ffff-ffff0000002f/value' to command name 'setValue'
[38;5;32m[AndroidUiautomator2Driver@3c41 (73c0f5cc)][0m Added 'value' property ["1","6","5"] to 'setValue' request body
[38;5;32m[AndroidUiautomator2Driver@3c41 (73c0f5cc)][0m Proxying [POST /element/00000000-0000-5fa6-ffff-ffff0000002f/value] to [POST http://127.0.0.1:8200/session/5b11b408-9567-49fa-b1f9-df64e692a613/element/00000000-0000-5fa6-ffff-ffff0000002f/value] with body: {"elementId":"00000000-0000-5fa6-ffff-ffff0000002f","text":"165","replace":false,"value":["1","6","5"]}
[38;5;32m[AndroidUiautomator2Driver@3c41 (73c0f5cc)][0m Got response with status 200: {"sessionId":"5b11b408-9567-49fa-b1f9-df64e692a613","value":null}
[38;5;32m[AndroidUiautomator2Driver@3c41 (73c0f5cc)][0m Responding to client with driver.setValue() result: null
[38;5;0m[HTTP][0m [37m<-- POST /session/73c0f5cc-e542-4404-acf9-91ebc6cb5b01/element/00000000-0000-5fa6-ffff-ffff0000002f/value [39m[32m200[39m [90m1094 ms - 14[39m
[38;5;0m[HTTP][0m [90m[39m
[38;5;0m[HTTP][0m [37m-->[39m [37mGET[39m [37m/session/73c0f5cc-e542-4404-acf9-91ebc6cb5b01/element/00000000-0000-5fa6-ffff-ffff0000002f/text[39m
[38;5;0m[HTTP][0m [90m{}[39m
[38;5;32m[AndroidUiautomator2Driver@3c41 (73c0f5cc)][0m Driver proxy active, passing request on via HTTP proxy
[38;5;32m[AndroidUiautomator2Driver@3c41 (73c0f5cc)][0m Matched '/session/73c0f5cc-e542-4404-acf9-91ebc6cb5b01/element/00000000-0000-5fa6-ffff-ffff0000002f/text' to command name 'getText'
[38;5;32m[AndroidUiautomator2Driver@3c41 (73c0f5cc)][0m Proxying [GET /session/73c0f5cc-e542-4404-acf9-91ebc6cb5b01/element/00000000-0000-5fa6-ffff-ffff0000002f/text] to [GET http://127.0.0.1:8200/session/5b11b408-9567-49fa-b1f9-df64e692a613/element/00000000-0000-5fa6-ffff-ffff0000002f/text] with no body
[38;5;32m[AndroidUiautomator2Driver@3c41 (73c0f5cc)][0m Got response with status 200: {"sessionId":"5b11b408-9567-49fa-b1f9-df64e692a613","value":"165"}
[38;5;32m[AndroidUiautomator2Driver@3c41 (73c0f5cc)][0m Replacing sessionId 5b11b408-9567-49fa-b1f9-df64e692a613 with 73c0f5cc-e542-4404-acf9-91ebc6cb5b01
[38;5;0m[HTTP][0m [37m<-- GET /session/73c0f5cc-e542-4404-acf9-91ebc6cb5b01/element/00000000-0000-5fa6-ffff-ffff0000002f/text [39m[32m200[39m [90m649 ms - 66[39m
[38;5;0m[HTTP][0m [90m[39m
[38;5;0m[HTTP][0m [37m-->[39m [37mPOST[39m [37m/session/73c0f5cc-e542-4404-acf9-91ebc6cb5b01/element[39m
[38;5;0m[HTTP][0m [90m{"using":"xpath","value":"/hierarchy/android.widget.FrameLayout/android.widget.LinearLayout/android.widget.FrameLayout/android.view.ViewGroup/android.widget.FrameLayout[2]/android.view.ViewGroup/android.widget.FrameLayout/android.view.ViewGroup/android.widget.RadioGroup/android.widget.RadioButton[1]"}[39m
[38;5;32m[AndroidUiautomator2Driver@3c41 (73c0f5cc)][0m Calling AppiumDriver.findElement() with args: ["xpath","/hierarchy/android.widget.FrameLayout/android.widget.LinearLayout/android.widget.FrameLayout/android.view.ViewGroup/android.widget.FrameLayout[2]/android.view.ViewGroup/android.widget.FrameLayout/android.view.ViewGroup/android.widget.RadioGroup/android.widget.RadioButton[1]","73c0f5cc-e542-4404-acf9-91ebc6cb5b01"]
[38;5;32m[AndroidUiautomator2Driver@3c41 (73c0f5cc)][0m Valid locator strategies for this request: xpath, id, class name, accessibility id, css selector, -android uiautomator
[38;5;32m[AndroidUiautomator2Driver@3c41 (73c0f5cc)][0m Waiting up to 0 ms for condition
[38;5;32m[AndroidUiautomator2Driver@3c41 (73c0f5cc)][0m Matched '/element' to command name 'findElement'
[38;5;32m[AndroidUiautomator2Driver@3c41 (73c0f5cc)][0m Proxying [POST /element] to [POST http://127.0.0.1:8200/session/5b11b408-9567-49fa-b1f9-df64e692a613/element] with body: {"strategy":"xpath","selector":"/hierarchy/android.widget.FrameLayout/android.widget.LinearLayout/android.widget.FrameLayout/android.view.ViewGroup/android.widget.FrameLayout[2]/android.view.ViewGroup/android.widget.FrameLayout/android.view.ViewGroup/android.widget.RadioGroup/android.widget.RadioButton[1]","context":"","multiple":false}
[38;5;32m[AndroidUiautomator2Driver@3c41 (73c0f5cc)][0m Got response with status 200: {"sessionId":"5b11b408-9567-49fa-b1f9-df64e692a613","value":{"ELEMENT":"00000000-0000-5fa6-ffff-ffff0000003a","element-6066-11e4-a52e-4f735466cecf":"00000000-0000-5fa6-ffff-ffff0000003a"}}
[38;5;32m[AndroidUiautomator2Driver@3c41 (73c0f5cc)][0m Responding to client with driver.findElement() result: {"element-6066-11e4-a52e-4f735466cecf":"00000000-0000-5fa6-ffff-ffff0000003a","ELEMENT":"00000000-0000-5fa6-ffff-ffff0000003a"}
[38;5;0m[HTTP][0m [37m<-- POST /session/73c0f5cc-e542-4404-acf9-91ebc6cb5b01/element [39m[32m200[39m [90m585 ms - 137[39m
[38;5;0m[HTTP][0m [90m[39m
[38;5;0m[HTTP][0m [37m-->[39m [37mPOST[39m [37m/session/73c0f5cc-e542-4404-acf9-91ebc6cb5b01/element/00000000-0000-5fa6-ffff-ffff0000003a/click[39m
[38;5;0m[HTTP][0m [90m{}[39m
[38;5;32m[AndroidUiautomator2Driver@3c41 (73c0f5cc)][0m Calling AppiumDriver.click() with args: ["00000000-0000-5fa6-ffff-ffff0000003a","73c0f5cc-e542-4404-acf9-91ebc6cb5b01"]
[38;5;32m[AndroidUiautomator2Driver@3c41 (73c0f5cc)][0m Matched '/element/00000000-0000-5fa6-ffff-ffff0000003a/click' to command name 'click'
[38;5;32m[AndroidUiautomator2Driver@3c41 (73c0f5cc)][0m Proxying [POST /element/00000000-0000-5fa6-ffff-ffff0000003a/click] to [POST http://127.0.0.1:8200/session/5b11b408-9567-49fa-b1f9-df64e692a613/element/00000000-0000-5fa6-ffff-ffff0000003a/click] with body: {"element":"00000000-0000-5fa6-ffff-ffff0000003a"}
[38;5;32m[AndroidUiautomator2Driver@3c41 (73c0f5cc)][0m Got response with status 200: {"sessionId":"5b11b408-9567-49fa-b1f9-df64e692a613","value":null}
[38;5;32m[AndroidUiautomator2Driver@3c41 (73c0f5cc)][0m Responding to client with driver.click() result: null
[38;5;0m[HTTP][0m [37m<-- POST /session/73c0f5cc-e542-4404-acf9-91ebc6cb5b01/element/00000000-0000-5fa6-ffff-ffff0000003a/click [39m[32m200[39m [90m116 ms - 14[39m
[38;5;0m[HTTP][0m [90m[39m
[38;5;0m[HTTP][0m [37m-->[39m [37mPOST[39m [37m/session/73c0f5cc-e542-4404-acf9-91ebc6cb5b01/element[39m
[38;5;0m[HTTP][0m [90m{"using":"xpath","value":"/hierarchy/android.widget.FrameLayout/android.widget.LinearLayout/android.widget.FrameLayout/android.view.ViewGroup/android.widget.FrameLayout[2]/android.view.ViewGroup/android.widget.FrameLayout/android.view.ViewGroup/android.widget.Button"}[39m
[38;5;32m[AndroidUiautomator2Driver@3c41 (73c0f5cc)][0m Calling AppiumDriver.findElement() with args: ["xpath","/hierarchy/android.widget.FrameLayout/android.widget.LinearLayout/android.widget.FrameLayout/android.view.ViewGroup/android.widget.FrameLayout[2]/android.view.ViewGroup/android.widget.FrameLayout/android.view.ViewGroup/android.widget.Button","73c0f5cc-e542-4404-acf9-91ebc6cb5b01"]
[38;5;32m[AndroidUiautomator2Driver@3c41 (73c0f5cc)][0m Valid locator strategies for this request: xpath, id, class name, accessibility id, css selector, -android uiautomator
[38;5;32m[AndroidUiautomator2Driver@3c41 (73c0f5cc)][0m Waiting up to 0 ms for condition
[38;5;32m[AndroidUiautomator2Driver@3c41 (73c0f5cc)][0m Matched '/element' to command name 'findElement'
[38;5;32m[AndroidUiautomator2Driver@3c41 (73c0f5cc)][0m Proxying [POST /element] to [POST http://127.0.0.1:8200/session/5b11b408-9567-49fa-b1f9-df64e692a613/element] with body: {"strategy":"xpath","selector":"/hierarchy/android.widget.FrameLayout/android.widget.LinearLayout/android.widget.FrameLayout/android.view.ViewGroup/android.widget.FrameLayout[2]/android.view.ViewGroup/android.widget.FrameLayout/android.view.ViewGroup/android.widget.Button","context":"","multiple":false}
[38;5;32m[AndroidUiautomator2Driver@3c41 (73c0f5cc)][0m Got response with status 200: {"sessionId":"5b11b408-9567-49fa-b1f9-df64e692a613","value":{"ELEMENT":"00000000-0000-5fa6-ffff-ffff0000003c","element-6066-11e4-a52e-4f735466cecf":"00000000-0000-5fa6-ffff-ffff0000003c"}}
[38;5;32m[AndroidUiautomator2Driver@3c41 (73c0f5cc)][0m Responding to client with driver.findElement() result: {"element-6066-11e4-a52e-4f735466cecf":"00000000-0000-5fa6-ffff-ffff0000003c","ELEMENT":"00000000-0000-5fa6-ffff-ffff0000003c"}
[38;5;0m[HTTP][0m [37m<-- POST /session/73c0f5cc-e542-4404-acf9-91ebc6cb5b01/element [39m[32m200[39m [90m309 ms - 137[39m
[38;5;0m[HTTP][0m [90m[39m
[38;5;0m[HTTP][0m [37m-->[39m [37mPOST[39m [37m/session/73c0f5cc-e542-4404-acf9-91ebc6cb5b01/element/00000000-0000-5fa6-ffff-ffff0000003c/click[39m
[38;5;0m[HTTP][0m [90m{}[39m
[38;5;32m[AndroidUiautomator2Driver@3c41 (73c0f5cc)][0m Calling AppiumDriver.click() with args: ["00000000-0000-5fa6-ffff-ffff0000003c","73c0f5cc-e542-4404-acf9-91ebc6cb5b01"]
[38;5;32m[AndroidUiautomator2Driver@3c41 (73c0f5cc)][0m Matched '/element/00000000-0000-5fa6-ffff-ffff0000003c/click' to command name 'click'
[38;5;32m[AndroidUiautomator2Driver@3c41 (73c0f5cc)][0m Proxying [POST /element/00000000-0000-5fa6-ffff-ffff0000003c/click] to [POST http://127.0.0.1:8200/session/5b11b408-9567-49fa-b1f9-df64e692a613/element/00000000-0000-5fa6-ffff-ffff0000003c/click] with body: {"element":"00000000-0000-5fa6-ffff-ffff0000003c"}
[38;5;32m[AndroidUiautomator2Driver@3c41 (73c0f5cc)][0m Got response with status 200: {"sessionId":"5b11b408-9567-49fa-b1f9-df64e692a613","value":null}
[38;5;32m[AndroidUiautomator2Driver@3c41 (73c0f5cc)][0m Responding to client with driver.click() result: null
[38;5;0m[HTTP][0m [37m<-- POST /session/73c0f5cc-e542-4404-acf9-91ebc6cb5b01/element/00000000-0000-5fa6-ffff-ffff0000003c/click [39m[32m200[39m [90m388 ms - 14[39m
[38;5;0m[HTTP][0m [90m[39m
[38;5;0m[HTTP][0m [37m-->[39m [37mPOST[39m [37m/session/73c0f5cc-e542-4404-acf9-91ebc6cb5b01/element[39m
[38;5;0m[HTTP][0m [90m{"using":"xpath","value":"/hierarchy/android.widget.FrameLayout/android.widget.LinearLayout/android.widget.FrameLayout/android.view.ViewGroup/android.widget.FrameLayout[2]/android.view.ViewGroup/android.widget.FrameLayout/android.view.ViewGroup/android.widget.TextView[2]"}[39m
[38;5;32m[AndroidUiautomator2Driver@3c41 (73c0f5cc)][0m Calling AppiumDriver.findElement() with args: ["xpath","/hierarchy/android.widget.FrameLayout/android.widget.LinearLayout/android.widget.FrameLayout/android.view.ViewGroup/android.widget.FrameLayout[2]/android.view.ViewGroup/android.widget.FrameLayout/android.view.ViewGroup/android.widget.TextView[2]","73c0f5cc-e542-4404-acf9-91ebc6cb5b01"]
[38;5;32m[AndroidUiautomator2Driver@3c41 (73c0f5cc)][0m Valid locator strategies for this request: xpath, id, class name, accessibility id, css selector, -android uiautomator
[38;5;32m[AndroidUiautomator2Driver@3c41 (73c0f5cc)][0m Waiting up to 0 ms for condition
[38;5;32m[AndroidUiautomator2Driver@3c41 (73c0f5cc)][0m Matched '/element' to command name 'findElement'
[38;5;32m[AndroidUiautomator2Driver@3c41 (73c0f5cc)][0m Proxying [POST /element] to [POST http://127.0.0.1:8200/session/5b11b408-9567-49fa-b1f9-df64e692a613/element] with body: {"strategy":"xpath","selector":"/hierarchy/android.widget.FrameLayout/android.widget.LinearLayout/android.widget.FrameLayout/android.view.ViewGroup/android.widget.FrameLayout[2]/android.view.ViewGroup/android.widget.FrameLayout/android.view.ViewGroup/android.widget.TextView[2]","context":"","multiple":false}
[38;5;32m[AndroidUiautomator2Driver@3c41 (73c0f5cc)][0m Got response with status 200: {"sessionId":"5b11b408-9567-49fa-b1f9-df64e692a613","value":{"ELEMENT":"00000000-0000-5fa6-ffff-ffff0000003f","element-6066-11e4-a52e-4f735466cecf":"00000000-0000-5fa6-ffff-ffff0000003f"}}
[38;5;32m[AndroidUiautomator2Driver@3c41 (73c0f5cc)][0m Responding to client with driver.findElement() result: {"element-6066-11e4-a52e-4f735466cecf":"00000000-0000-5fa6-ffff-ffff0000003f","ELEMENT":"00000000-0000-5fa6-ffff-ffff0000003f"}
[38;5;0m[HTTP][0m [37m<-- POST /session/73c0f5cc-e542-4404-acf9-91ebc6cb5b01/element [39m[32m200[39m [90m377 ms - 137[39m
[38;5;0m[HTTP][0m [90m[39m
[38;5;0m[HTTP][0m [37m-->[39m [37mGET[39m [37m/session/73c0f5cc-e542-4404-acf9-91ebc6cb5b01/element/00000000-0000-5fa6-ffff-ffff0000003f/displayed[39m
[38;5;0m[HTTP][0m [90m{}[39m
[38;5;32m[AndroidUiautomator2Driver@3c41 (73c0f5cc)][0m Calling AppiumDriver.elementDisplayed() with args: ["00000000-0000-5fa6-ffff-ffff0000003f","73c0f5cc-e542-4404-acf9-91ebc6cb5b01"]
[38;5;32m[AndroidUiautomator2Driver@3c41 (73c0f5cc)][0m Matched '/element/00000000-0000-5fa6-ffff-ffff0000003f/attribute/displayed' to command name 'getAttribute'
[38;5;32m[AndroidUiautomator2Driver@3c41 (73c0f5cc)][0m Proxying [GET /element/00000000-0000-5fa6-ffff-ffff0000003f/attribute/displayed] to [GET http://127.0.0.1:8200/session/5b11b408-9567-49fa-b1f9-df64e692a613/element/00000000-0000-5fa6-ffff-ffff0000003f/attribute/displayed] with no body
[38;5;32m[AndroidUiautomator2Driver@3c41 (73c0f5cc)][0m Got response with status 200: {"sessionId":"5b11b408-9567-49fa-b1f9-df64e692a613","value":"true"}
[38;5;32m[AndroidUiautomator2Driver@3c41 (73c0f5cc)][0m Responding to client with driver.elementDisplayed() result: true
[38;5;0m[HTTP][0m [37m<-- GET /session/73c0f5cc-e542-4404-acf9-91ebc6cb5b01/element/00000000-0000-5fa6-ffff-ffff0000003f/displayed [39m[32m200[39m [90m382 ms - 14[39m
[38;5;0m[HTTP][0m [90m[39m
[38;5;0m[HTTP][0m [37m-->[39m [37mPOST[39m [37m/session/73c0f5cc-e542-4404-acf9-91ebc6cb5b01/element[39m
[38;5;0m[HTTP][0m [90m{"using":"xpath","value":"/hierarchy/android.widget.FrameLayout/android.widget.LinearLayout/android.widget.FrameLayout/android.view.ViewGroup/android.widget.FrameLayout[2]/android.view.ViewGroup/android.widget.FrameLayout/android.view.ViewGroup/android.widget.RadioGroup/android.widget.RadioButton[7]"}[39m
[38;5;32m[AndroidUiautomator2Driver@3c41 (73c0f5cc)][0m Calling AppiumDriver.findElement() with args: ["xpath","/hierarchy/android.widget.FrameLayout/android.widget.LinearLayout/android.widget.FrameLayout/android.view.ViewGroup/android.widget.FrameLayout[2]/android.view.ViewGroup/android.widget.FrameLayout/android.view.ViewGroup/android.widget.RadioGroup/android.widget.RadioButton[7]","73c0f5cc-e542-4404-acf9-91ebc6cb5b01"]
[38;5;32m[AndroidUiautomator2Driver@3c41 (73c0f5cc)][0m Valid locator strategies for this request: xpath, id, class name, accessibility id, css selector, -android uiautomator
[38;5;32m[AndroidUiautomator2Driver@3c41 (73c0f5cc)][0m Waiting up to 0 ms for condition
[38;5;32m[AndroidUiautomator2Driver@3c41 (73c0f5cc)][0m Matched '/element' to command name 'findElement'
[38;5;32m[AndroidUiautomator2Driver@3c41 (73c0f5cc)][0m Proxying [POST /element] to [POST http://127.0.0.1:8200/session/5b11b408-9567-49fa-b1f9-df64e692a613/element] with body: {"strategy":"xpath","selector":"/hierarchy/android.widget.FrameLayout/android.widget.LinearLayout/android.widget.FrameLayout/android.view.ViewGroup/android.widget.FrameLayout[2]/android.view.ViewGroup/android.widget.FrameLayout/android.view.ViewGroup/android.widget.RadioGroup/android.widget.RadioButton[7]","context":"","multiple":false}
[38;5;32m[AndroidUiautomator2Driver@3c41 (73c0f5cc)][0m Got response with status 200: {"sessionId":"5b11b408-9567-49fa-b1f9-df64e692a613","value":{"ELEMENT":"00000000-0000-5fa6-ffff-ffff00000047","element-6066-11e4-a52e-4f735466cecf":"00000000-0000-5fa6-ffff-ffff00000047"}}
[38;5;32m[AndroidUiautomator2Driver@3c41 (73c0f5cc)][0m Responding to client with driver.findElement() result: {"element-6066-11e4-a52e-4f735466cecf":"00000000-0000-5fa6-ffff-ffff00000047","ELEMENT":"00000000-0000-5fa6-ffff-ffff00000047"}
[38;5;0m[HTTP][0m [37m<-- POST /session/73c0f5cc-e542-4404-acf9-91ebc6cb5b01/element [39m[32m200[39m [90m436 ms - 137[39m
[38;5;0m[HTTP][0m [90m[39m
[38;5;0m[HTTP][0m [37m-->[39m [37mPOST[39m [37m/session/73c0f5cc-e542-4404-acf9-91ebc6cb5b01/element/00000000-0000-5fa6-ffff-ffff00000047/click[39m
[38;5;0m[HTTP][0m [90m{}[39m
[38;5;32m[AndroidUiautomator2Driver@3c41 (73c0f5cc)][0m Calling AppiumDriver.click() with args: ["00000000-0000-5fa6-ffff-ffff00000047","73c0f5cc-e542-4404-acf9-91ebc6cb5b01"]
[38;5;32m[AndroidUiautomator2Driver@3c41 (73c0f5cc)][0m Matched '/element/00000000-0000-5fa6-ffff-ffff00000047/click' to command name 'click'
[38;5;32m[AndroidUiautomator2Driver@3c41 (73c0f5cc)][0m Proxying [POST /element/00000000-0000-5fa6-ffff-ffff00000047/click] to [POST http://127.0.0.1:8200/session/5b11b408-9567-49fa-b1f9-df64e692a613/element/00000000-0000-5fa6-ffff-ffff00000047/click] with body: {"element":"00000000-0000-5fa6-ffff-ffff00000047"}
[38;5;32m[AndroidUiautomator2Driver@3c41 (73c0f5cc)][0m Got response with status 200: {"sessionId":"5b11b408-9567-49fa-b1f9-df64e692a613","value":null}
[38;5;32m[AndroidUiautomator2Driver@3c41 (73c0f5cc)][0m Responding to client with driver.click() result: null
[38;5;0m[HTTP][0m [37m<-- POST /session/73c0f5cc-e542-4404-acf9-91ebc6cb5b01/element/00000000-0000-5fa6-ffff-ffff00000047/click [39m[32m200[39m [90m124 ms - 14[39m
[38;5;0m[HTTP][0m [90m[39m
[38;5;0m[HTTP][0m [37m-->[39m [37mPOST[39m [37m/session/73c0f5cc-e542-4404-acf9-91ebc6cb5b01/element[39m
[38;5;0m[HTTP][0m [90m{"using":"xpath","value":"/hierarchy/android.widget.FrameLayout/android.widget.LinearLayout/android.widget.FrameLayout/android.view.ViewGroup/android.widget.FrameLayout[2]/android.view.ViewGroup/android.widget.FrameLayout/android.view.ViewGroup/android.widget.Button"}[39m
[38;5;32m[AndroidUiautomator2Driver@3c41 (73c0f5cc)][0m Calling AppiumDriver.findElement() with args: ["xpath","/hierarchy/android.widget.FrameLayout/android.widget.LinearLayout/android.widget.FrameLayout/android.view.ViewGroup/android.widget.FrameLayout[2]/android.view.ViewGroup/android.widget.FrameLayout/android.view.ViewGroup/android.widget.Button","73c0f5cc-e542-4404-acf9-91ebc6cb5b01"]
[38;5;32m[AndroidUiautomator2Driver@3c41 (73c0f5cc)][0m Valid locator strategies for this request: xpath, id, class name, accessibility id, css selector, -android uiautomator
[38;5;32m[AndroidUiautomator2Driver@3c41 (73c0f5cc)][0m Waiting up to 0 ms for condition
[38;5;32m[AndroidUiautomator2Driver@3c41 (73c0f5cc)][0m Matched '/element' to command name 'findElement'
[38;5;32m[AndroidUiautomator2Driver@3c41 (73c0f5cc)][0m Proxying [POST /element] to [POST http://127.0.0.1:8200/session/5b11b408-9567-49fa-b1f9-df64e692a613/element] with body: {"strategy":"xpath","selector":"/hierarchy/android.widget.FrameLayout/android.widget.LinearLayout/android.widget.FrameLayout/android.view.ViewGroup/android.widget.FrameLayout[2]/android.view.ViewGroup/android.widget.FrameLayout/android.view.ViewGroup/android.widget.Button","context":"","multiple":false}
[38;5;32m[AndroidUiautomator2Driver@3c41 (73c0f5cc)][0m Got response with status 200: {"sessionId":"5b11b408-9567-49fa-b1f9-df64e692a613","value":{"ELEMENT":"00000000-0000-5fa6-ffff-ffff00000048","element-6066-11e4-a52e-4f735466cecf":"00000000-0000-5fa6-ffff-ffff00000048"}}
[38;5;32m[AndroidUiautomator2Driver@3c41 (73c0f5cc)][0m Responding to client with driver.findElement() result: {"element-6066-11e4-a52e-4f735466cecf":"00000000-0000-5fa6-ffff-ffff00000048","ELEMENT":"00000000-0000-5fa6-ffff-ffff00000048"}
[38;5;0m[HTTP][0m [37m<-- POST /session/73c0f5cc-e542-4404-acf9-91ebc6cb5b01/element [39m[32m200[39m [90m1009 ms - 137[39m
[38;5;0m[HTTP][0m [90m[39m
[38;5;0m[HTTP][0m [37m-->[39m [37mPOST[39m [37m/session/73c0f5cc-e542-4404-acf9-91ebc6cb5b01/element/00000000-0000-5fa6-ffff-ffff00000048/click[39m
[38;5;0m[HTTP][0m [90m{}[39m
[38;5;32m[AndroidUiautomator2Driver@3c41 (73c0f5cc)][0m Calling AppiumDriver.click() with args: ["00000000-0000-5fa6-ffff-ffff00000048","73c0f5cc-e542-4404-acf9-91ebc6cb5b01"]
[38;5;32m[AndroidUiautomator2Driver@3c41 (73c0f5cc)][0m Matched '/element/00000000-0000-5fa6-ffff-ffff00000048/click' to command name 'click'
[38;5;32m[AndroidUiautomator2Driver@3c41 (73c0f5cc)][0m Proxying [POST /element/00000000-0000-5fa6-ffff-ffff00000048/click] to [POST http://127.0.0.1:8200/session/5b11b408-9567-49fa-b1f9-df64e692a613/element/00000000-0000-5fa6-ffff-ffff00000048/click] with body: {"element":"00000000-0000-5fa6-ffff-ffff00000048"}
[38;5;32m[AndroidUiautomator2Driver@3c41 (73c0f5cc)][0m Got response with status 200: {"sessionId":"5b11b408-9567-49fa-b1f9-df64e692a613","value":null}
[38;5;32m[AndroidUiautomator2Driver@3c41 (73c0f5cc)][0m Responding to client with driver.click() result: null
[38;5;0m[HTTP][0m [37m<-- POST /session/73c0f5cc-e542-4404-acf9-91ebc6cb5b01/element/00000000-0000-5fa6-ffff-ffff00000048/click [39m[32m200[39m [90m121 ms - 14[39m
[38;5;0m[HTTP][0m [90m[39m
[38;5;0m[HTTP][0m [37m-->[39m [37mPOST[39m [37m/session/73c0f5cc-e542-4404-acf9-91ebc6cb5b01/element[39m
[38;5;0m[HTTP][0m [90m{"using":"xpath","value":"/hierarchy/android.widget.FrameLayout/android.widget.LinearLayout/android.widget.FrameLayout/android.view.ViewGroup/android.widget.FrameLayout[2]/android.view.ViewGroup/android.widget.FrameLayout[1]/android.view.ViewGroup/android.widget.TextView[2]"}[39m
[38;5;32m[AndroidUiautomator2Driver@3c41 (73c0f5cc)][0m Calling AppiumDriver.findElement() with args: ["xpath","/hierarchy/android.widget.FrameLayout/android.widget.LinearLayout/android.widget.FrameLayout/android.view.ViewGroup/android.widget.FrameLayout[2]/android.view.ViewGroup/android.widget.FrameLayout[1]/android.view.ViewGroup/android.widget.TextView[2]","73c0f5cc-e542-4404-acf9-91ebc6cb5b01"]
[38;5;32m[AndroidUiautomator2Driver@3c41 (73c0f5cc)][0m Valid locator strategies for this request: xpath, id, class name, accessibility id, css selector, -android uiautomator
[38;5;32m[AndroidUiautomator2Driver@3c41 (73c0f5cc)][0m Waiting up to 0 ms for condition
[38;5;32m[AndroidUiautomator2Driver@3c41 (73c0f5cc)][0m Matched '/element' to command name 'findElement'
[38;5;32m[AndroidUiautomator2Driver@3c41 (73c0f5cc)][0m Proxying [POST /element] to [POST http://127.0.0.1:8200/session/5b11b408-9567-49fa-b1f9-df64e692a613/element] with body: {"strategy":"xpath","selector":"/hierarchy/android.widget.FrameLayout/android.widget.LinearLayout/android.widget.FrameLayout/android.view.ViewGroup/android.widget.FrameLayout[2]/android.view.ViewGroup/android.widget.FrameLayout[1]/android.view.ViewGroup/android.widget.TextView[2]","context":"","multiple":false}
[38;5;32m[AndroidUiautomator2Driver@3c41 (73c0f5cc)][0m Got response with status 404: {"sessionId":"5b11b408-9567-49fa-b1f9-df64e692a613","value":{"error":"no such element","message":"An element could not be located on the page using the given search parameters","stacktrace":"io.appium.uiautomator2.common.exceptions.ElementNotFoundException: An element could not be located on the page using the given search parameters\n\tat io.appium.uiautomator2.utils.ElementLocationHelpers.findElement(ElementLocationHelpers.java:156)\n\tat io.appium.uiautomator2.handler.FindElement.safeHandle(FindElement.java:60)\n\tat io.appium.uiautomator2.handler.request.SafeRequestHandler.handle(SafeRequestHandler.java:59)\n\tat io.appium.uiautomator2.server.AppiumServlet.handleRequest(AppiumServlet.java:277)\n\tat io.appium.uiautomator2.server.AppiumServlet.handleHttpRequest(AppiumServlet.java:271)\n\tat io.appium.uiautomator2.http.ServerHandler.channelRead(ServerHandler.java:77)\n\tat io.netty.channel.AbstractChannelHandlerContext.invokeChannelRead(AbstractChannelHandlerContext.java:366)\n\tat io.netty.channel.Abstr...
[38;5;112m[W3C][0m Matched W3C error code 'no such element' to NoSuchElementError
[38;5;32m[AndroidUiautomator2Driver@3c41 (73c0f5cc)][0m Encountered internal error running command: NoSuchElementError: An element could not be located on the page using the given search parameters.
[38;5;32m[AndroidUiautomator2Driver@3c41 (73c0f5cc)][0m     at AndroidUiautomator2Driver.findElOrEls (C:\Users\cahyo\OneDrive\Documents\tugas_akhir_sanber_2\tugas_akhir_sanber_2\node_modules\appium-uiautomator2-driver\node_modules\appium-android-driver\lib\commands\find.ts:86:11)
[38;5;32m[AndroidUiautomator2Driver@3c41 (73c0f5cc)][0m     at processTicksAndRejections (node:internal/process/task_queues:95:5)
[38;5;32m[AndroidUiautomator2Driver@3c41 (73c0f5cc)][0m     at AndroidUiautomator2Driver.findElOrElsWithProcessing (C:\Users\cahyo\OneDrive\Documents\tugas_akhir_sanber_2\tugas_akhir_sanber_2\node_modules\appium-uiautomator2-driver\node_modules\@appium\base-driver\lib\basedriver\commands\find.ts:60:12)
[38;5;32m[AndroidUiautomator2Driver@3c41 (73c0f5cc)][0m     at AndroidUiautomator2Driver.findElement (C:\Users\cahyo\OneDrive\Documents\tugas_akhir_sanber_2\tugas_akhir_sanber_2\node_modules\appium-uiautomator2-driver\node_modules\@appium\base-driver\lib\basedriver\commands\find.ts:75:12)
[38;5;0m[HTTP][0m [37m<-- POST /session/73c0f5cc-e542-4404-acf9-91ebc6cb5b01/element [39m[33m404[39m [90m884 ms - 1070[39m
[38;5;0m[HTTP][0m [90m[39m
[38;5;0m[HTTP][0m [37m-->[39m [37mPOST[39m [37m/session/73c0f5cc-e542-4404-acf9-91ebc6cb5b01/element[39m
[38;5;0m[HTTP][0m [90m{"using":"xpath","value":"/hierarchy/android.widget.FrameLayout/android.widget.LinearLayout/android.widget.FrameLayout/android.view.ViewGroup/android.widget.FrameLayout[2]/android.view.ViewGroup/android.widget.FrameLayout[1]/android.view.ViewGroup/android.widget.TextView[2]"}[39m
[38;5;32m[AndroidUiautomator2Driver@3c41 (73c0f5cc)][0m Calling AppiumDriver.findElement() with args: ["xpath","/hierarchy/android.widget.FrameLayout/android.widget.LinearLayout/android.widget.FrameLayout/android.view.ViewGroup/android.widget.FrameLayout[2]/android.view.ViewGroup/android.widget.FrameLayout[1]/android.view.ViewGroup/android.widget.TextView[2]","73c0f5cc-e542-4404-acf9-91ebc6cb5b01"]
[38;5;32m[AndroidUiautomator2Driver@3c41 (73c0f5cc)][0m Valid locator strategies for this request: xpath, id, class name, accessibility id, css selector, -android uiautomator
[38;5;32m[AndroidUiautomator2Driver@3c41 (73c0f5cc)][0m Waiting up to 0 ms for condition
[38;5;32m[AndroidUiautomator2Driver@3c41 (73c0f5cc)][0m Matched '/element' to command name 'findElement'
[38;5;32m[AndroidUiautomator2Driver@3c41 (73c0f5cc)][0m Proxying [POST /element] to [POST http://127.0.0.1:8200/session/5b11b408-9567-49fa-b1f9-df64e692a613/element] with body: {"strategy":"xpath","selector":"/hierarchy/android.widget.FrameLayout/android.widget.LinearLayout/android.widget.FrameLayout/android.view.ViewGroup/android.widget.FrameLayout[2]/android.view.ViewGroup/android.widget.FrameLayout[1]/android.view.ViewGroup/android.widget.TextView[2]","context":"","multiple":false}
[38;5;32m[AndroidUiautomator2Driver@3c41 (73c0f5cc)][0m Got response with status 200: {"sessionId":"5b11b408-9567-49fa-b1f9-df64e692a613","value":{"ELEMENT":"00000000-0000-5fa7-ffff-ffff00000064","element-6066-11e4-a52e-4f735466cecf":"00000000-0000-5fa7-ffff-ffff00000064"}}
[38;5;32m[AndroidUiautomator2Driver@3c41 (73c0f5cc)][0m Responding to client with driver.findElement() result: {"element-6066-11e4-a52e-4f735466cecf":"00000000-0000-5fa7-ffff-ffff00000064","ELEMENT":"00000000-0000-5fa7-ffff-ffff00000064"}
[38;5;0m[HTTP][0m [37m<-- POST /session/73c0f5cc-e542-4404-acf9-91ebc6cb5b01/element [39m[32m200[39m [90m2211 ms - 137[39m
[38;5;0m[HTTP][0m [90m[39m
[38;5;0m[HTTP][0m [37m-->[39m [37mGET[39m [37m/session/73c0f5cc-e542-4404-acf9-91ebc6cb5b01/element/00000000-0000-5fa7-ffff-ffff00000064/displayed[39m
[38;5;0m[HTTP][0m [90m{}[39m
[38;5;32m[AndroidUiautomator2Driver@3c41 (73c0f5cc)][0m Calling AppiumDriver.elementDisplayed() with args: ["00000000-0000-5fa7-ffff-ffff00000064","73c0f5cc-e542-4404-acf9-91ebc6cb5b01"]
[38;5;32m[AndroidUiautomator2Driver@3c41 (73c0f5cc)][0m Matched '/element/00000000-0000-5fa7-ffff-ffff00000064/attribute/displayed' to command name 'getAttribute'
[38;5;32m[AndroidUiautomator2Driver@3c41 (73c0f5cc)][0m Proxying [GET /element/00000000-0000-5fa7-ffff-ffff00000064/attribute/displayed] to [GET http://127.0.0.1:8200/session/5b11b408-9567-49fa-b1f9-df64e692a613/element/00000000-0000-5fa7-ffff-ffff00000064/attribute/displayed] with no body
[38;5;32m[AndroidUiautomator2Driver@3c41 (73c0f5cc)][0m Got response with status 200: {"sessionId":"5b11b408-9567-49fa-b1f9-df64e692a613","value":"true"}
[38;5;32m[AndroidUiautomator2Driver@3c41 (73c0f5cc)][0m Responding to client with driver.elementDisplayed() result: true
[38;5;0m[HTTP][0m [37m<-- GET /session/73c0f5cc-e542-4404-acf9-91ebc6cb5b01/element/00000000-0000-5fa7-ffff-ffff00000064/displayed [39m[32m200[39m [90m45 ms - 14[39m
[38;5;0m[HTTP][0m [90m[39m
[38;5;0m[HTTP][0m [37m-->[39m [37mDELETE[39m [37m/session/73c0f5cc-e542-4404-acf9-91ebc6cb5b01[39m
[38;5;0m[HTTP][0m [90m{}[39m
[38;5;32m[AndroidUiautomator2Driver@3c41 (73c0f5cc)][0m Calling AppiumDriver.deleteSession() with args: ["73c0f5cc-e542-4404-acf9-91ebc6cb5b01"]
[38;5;16m[AppiumDriver@19dc][0m Event 'quitSessionRequested' logged at 1716372405220 (17:06:45 GMT+0700 (Western Indonesia Time))
[38;5;16m[AppiumDriver@19dc][0m Removing session 73c0f5cc-e542-4404-acf9-91ebc6cb5b01 from our master session list
[38;5;32m[AndroidUiautomator2Driver@3c41 (73c0f5cc)][0m Deleting UiAutomator2 session
[38;5;32m[AndroidUiautomator2Driver@3c41 (73c0f5cc)][0m Deleting UiAutomator2 server session
[38;5;32m[AndroidUiautomator2Driver@3c41 (73c0f5cc)][0m Matched '/' to command name 'deleteSession'
[38;5;32m[AndroidUiautomator2Driver@3c41 (73c0f5cc)][0m Proxying [DELETE /] to [DELETE http://127.0.0.1:8200/session/5b11b408-9567-49fa-b1f9-df64e692a613] with no body
[38;5;32m[AndroidUiautomator2Driver@3c41 (73c0f5cc)][0m Got response with status 200: {"sessionId":"5b11b408-9567-49fa-b1f9-df64e692a613","value":null}
[38;5;48m[ADB][0m Running 'C:\Users\cahyo\AppData\Local\Android\Sdk\platform-tools\adb.exe -P 5037 -s RR8N2054F4B shell dumpsys activity services io.appium.settings/.recorder.RecorderService'
[38;5;80m[Logcat][0m Stopping logcat capture
[38;5;48m[ADB][0m Removing forwarded port socket connection: 8200 
[38;5;48m[ADB][0m Running 'C:\Users\cahyo\AppData\Local\Android\Sdk\platform-tools\adb.exe -P 5037 -s RR8N2054F4B forward --remove tcp:8200'
[38;5;32m[AndroidUiautomator2Driver@3c41 (73c0f5cc)][0m Restoring hidden api policy to the device default configuration
[38;5;48m[ADB][0m Running 'C:\Users\cahyo\AppData\Local\Android\Sdk\platform-tools\adb.exe -P 5037 -s RR8N2054F4B shell 'settings delete global hidden_api_policy_pre_p_apps;settings delete global hidden_api_policy_p_apps;settings delete global hidden_api_policy''
[38;5;96m[Instrumentation][0m .
[38;5;96m[Instrumentation][0m Time: 24,083
[38;5;96m[Instrumentation][0m 
[38;5;96m[Instrumentation][0m OK (1 test)
[38;5;96m[Instrumentation][0m The process has exited with code 0
[38;5;16m[AppiumDriver@19dc][0m Event 'quitSessionFinished' logged at 1716372405732 (17:06:45 GMT+0700 (Western Indonesia Time))
[38;5;16m[AppiumDriver@19dc][0m Received response: null
[38;5;16m[AppiumDriver@19dc][0m But deleting session, so not returning
[38;5;16m[AppiumDriver@19dc][0m Responding to client with driver.deleteSession() result: null
[38;5;0m[HTTP][0m [37m<-- DELETE /session/73c0f5cc-e542-4404-acf9-91ebc6cb5b01 [39m[32m200[39m [90m513 ms - 14[39m
[38;5;0m[HTTP][0m [90m[39m
